2024-02-28 02:29:08,629 [INFO] Activator:176 - 


2024-02-28 02:29:08,632 [INFO] Activator:177 - !SESSION log4j initialized
2024-02-28 02:29:11,045 [INFO] LogOutputStream:77 - [STDOUT_REDIRECT] 
2024-02-28 02:29:14,365 [INFO] ApplicationProperties:184 - Using Application install path: C:\ST\STM32CubeIDE_1.14.1\STM32CubeIDE\plugins\com.st.stm32cube.common.mx_6.10.0.202311202037
2024-02-28 02:29:14,387 [INFO] DbMcusXml:78 - Set database path to: C:\ST\STM32CubeIDE_1.14.1\STM32CubeIDE\plugins\com.st.stm32cube.common.mx_6.10.0.202311202037\\db\/mcu/
2024-02-28 02:29:14,387 [INFO] ApiDb:274 - Set plugin database path to: C:\ST\STM32CubeIDE_1.14.1\STM32CubeIDE\plugins\com.st.stm32cube.common.mx_6.10.0.202311202037\\db\/plugins/boardmanager/
2024-02-28 02:29:14,388 [WARN] ApiDb:259 - Overriding images path with different value:  => C:\ST\STM32CubeIDE_1.14.1\STM32CubeIDE\plugins\com.st.stm32cube.common.mx_6.10.0.202311202037\\db\/plugins/mcufinder/images/
2024-02-28 02:29:14,398 [INFO] ApiDb:250 - Set database path to: C:\Users\prajw\.stmcufinder\plugins\mcufinder//mcu/
2024-02-28 02:29:14,400 [INFO] DbMcusAds:125 - Set database path to: C:\Users\prajw\.stmcufinder\plugins\mcufinder//mcu/
2024-02-28 02:29:14,403 [INFO] CrossReferenceDbSqlite:203 - Set database path to: C:\Users\prajw\.stmcufinder\plugins\mcufinder//mcu/cs/
2024-02-28 02:29:14,562 [INFO] RulesReader:64 - Compatibility file has been processed (297 Rules)
2024-02-28 02:29:14,660 [INFO] DbMcusXml:78 - Set database path to: C:\ST\STM32CubeIDE_1.14.1\STM32CubeIDE\plugins\com.st.stm32cube.common.mx_6.10.0.202311202037\\db\/mcu/
2024-02-28 02:29:14,660 [INFO] ApiDb:274 - Set plugin database path to: C:\ST\STM32CubeIDE_1.14.1\STM32CubeIDE\plugins\com.st.stm32cube.common.mx_6.10.0.202311202037\\db\/plugins/boardmanager/
2024-02-28 02:29:14,660 [INFO] ApiDb:261 - Set plugin images path to: C:\ST\STM32CubeIDE_1.14.1\STM32CubeIDE\plugins\com.st.stm32cube.common.mx_6.10.0.202311202037\\db\/plugins/mcufinder/images/
2024-02-28 02:29:14,662 [WARN] DbFile:41 - Overriding database path with different value: C:\Users\prajw\.stmcufinder\plugins\mcufinder/ => C:\Users\prajw\.stmcufinder\plugins\mcufinder
2024-02-28 02:29:14,662 [INFO] ApiDb:250 - Set database path to: C:\Users\prajw\.stmcufinder\plugins\mcufinder//mcu/
2024-02-28 02:29:14,662 [WARN] DbFile:41 - Overriding database path with different value: C:\Users\prajw\.stmcufinder\plugins\mcufinder/ => C:\Users\prajw\.stmcufinder\plugins\mcufinder
2024-02-28 02:29:14,662 [INFO] DbMcusAds:125 - Set database path to: C:\Users\prajw\.stmcufinder\plugins\mcufinder//mcu/
2024-02-28 02:29:14,662 [WARN] DbFile:41 - Overriding database path with different value: C:\Users\prajw\.stmcufinder\plugins\mcufinder/ => C:\Users\prajw\.stmcufinder\plugins\mcufinder
2024-02-28 02:29:14,662 [WARN] DbFile:41 - Overriding database path with different value: C:\Users\prajw\.stmcufinder\plugins\mcufinder/ => C:\Users\prajw\.stmcufinder\plugins\mcufinder
2024-02-28 02:29:14,662 [INFO] CrossReferenceDbSqlite:203 - Set database path to: C:\Users\prajw\.stmcufinder\plugins\mcufinder//mcu/cs/
2024-02-28 02:29:14,758 [INFO] MainPanel:264 - HeapMemory: 268435456
2024-02-28 02:29:14,878 [INFO] DbMcusXml:78 - Set database path to: C:\ST\STM32CubeIDE_1.14.1\STM32CubeIDE\plugins\com.st.stm32cube.common.mx_6.10.0.202311202037\\db\/mcu/
2024-02-28 02:29:14,878 [INFO] ApiDb:274 - Set plugin database path to: C:\ST\STM32CubeIDE_1.14.1\STM32CubeIDE\plugins\com.st.stm32cube.common.mx_6.10.0.202311202037\\db\/plugins/boardmanager/
2024-02-28 02:29:14,879 [INFO] ApiDb:261 - Set plugin images path to: C:\ST\STM32CubeIDE_1.14.1\STM32CubeIDE\plugins\com.st.stm32cube.common.mx_6.10.0.202311202037\\db\/plugins/mcufinder/images/
2024-02-28 02:29:14,879 [WARN] DbFile:41 - Overriding database path with different value: C:\Users\prajw\.stmcufinder\plugins\mcufinder/ => C:\Users\prajw\.stmcufinder\plugins\mcufinder
2024-02-28 02:29:14,880 [INFO] ApiDb:250 - Set database path to: C:\Users\prajw\.stmcufinder\plugins\mcufinder//mcu/
2024-02-28 02:29:14,881 [WARN] DbFile:41 - Overriding database path with different value: C:\Users\prajw\.stmcufinder\plugins\mcufinder/ => C:\Users\prajw\.stmcufinder\plugins\mcufinder
2024-02-28 02:29:14,881 [INFO] DbMcusAds:125 - Set database path to: C:\Users\prajw\.stmcufinder\plugins\mcufinder//mcu/
2024-02-28 02:29:14,881 [WARN] DbFile:41 - Overriding database path with different value: C:\Users\prajw\.stmcufinder\plugins\mcufinder/ => C:\Users\prajw\.stmcufinder\plugins\mcufinder
2024-02-28 02:29:14,881 [WARN] DbFile:41 - Overriding database path with different value: C:\Users\prajw\.stmcufinder\plugins\mcufinder/ => C:\Users\prajw\.stmcufinder\plugins\mcufinder
2024-02-28 02:29:14,881 [INFO] CrossReferenceDbSqlite:203 - Set database path to: C:\Users\prajw\.stmcufinder\plugins\mcufinder//mcu/cs/
2024-02-28 02:29:14,909 [INFO] ApplicationProperties:184 - Using Application install path: C:\ST\STM32CubeIDE_1.14.1\STM32CubeIDE\plugins\com.st.stm32cube.common.mx_6.10.0.202311202037
2024-02-28 02:29:14,912 [INFO] PluginManage:196 - Search for loadable plugins [exclusion list=, ]
2024-02-28 02:29:14,915 [INFO] PluginManage:310 - Check plugin analytics
2024-02-28 02:29:15,341 [INFO] AnalyticsPlugin:253 - Accepted Software Licenses: 
2024-02-28 02:29:15,342 [INFO] AnalyticsPlugin:255 - Accepted CMSIS Pack Licenses: 
2024-02-28 02:29:15,342 [INFO] AnalyticsPlugin:257 - Accepted Firmware Licenses: 
2024-02-28 02:29:15,345 [INFO] PluginManage:359 - Loaded plugin analytics (category:tool,tabindex:-1)
2024-02-28 02:29:15,345 [INFO] PluginManage:310 - Check plugin cadmodel
2024-02-28 02:29:15,354 [INFO] CADModel:105 - Init CAD model plugin
2024-02-28 02:29:15,354 [INFO] PluginManage:359 - Loaded plugin cadmodel (category:power,tabindex:5)
2024-02-28 02:29:15,354 [INFO] PluginManage:310 - Check plugin clock
2024-02-28 02:29:15,368 [INFO] PluginManage:359 - Loaded plugin clock (category:base,tabindex:2)
2024-02-28 02:29:15,369 [INFO] PluginManage:310 - Check plugin ddr
2024-02-28 02:29:15,376 [INFO] PluginManage:359 - Loaded plugin ddr (category:tool,tabindex:6)
2024-02-28 02:29:15,376 [INFO] PluginManage:310 - Check plugin filemanager
2024-02-28 02:29:15,707 [INFO] PluginManage:359 - Loaded plugin filemanager (category:base,tabindex:10)
2024-02-28 02:29:15,707 [INFO] PluginManage:310 - Check plugin ipmanager
2024-02-28 02:29:15,717 [INFO] PluginManage:359 - Loaded plugin ipmanager (category:base,tabindex:5)
2024-02-28 02:29:15,718 [INFO] PluginManage:310 - Check plugin lpbam
2024-02-28 02:29:15,733 [INFO] PluginManage:359 - Loaded plugin lpbam (category:base,tabindex:0)
2024-02-28 02:29:15,734 [INFO] PluginManage:310 - Check plugin memorymap
2024-02-28 02:29:15,754 [INFO] PluginManage:359 - Loaded plugin memorymap (category:base,tabindex:4)
2024-02-28 02:29:15,754 [INFO] PluginManage:310 - Check plugin pinoutandconfiguration
2024-02-28 02:29:15,767 [INFO] PluginManage:359 - Loaded plugin pinoutandconfiguration (category:base,tabindex:1)
2024-02-28 02:29:15,767 [INFO] PluginManage:310 - Check plugin pinoutconfig
2024-02-28 02:29:15,936 [WARN] SupportedApi:132 - Cannot load RTOS API schema: s4s-elt-must-match.1: The content of 'definitions' must match (annotation?, (simpleType | complexType)?, (unique | key | keyref)*)). A problem was found starting at: attribute.
2024-02-28 02:29:16,127 [INFO] PluginManage:359 - Loaded plugin pinoutconfig (category:base,tabindex:0)
2024-02-28 02:29:16,127 [INFO] PluginManage:310 - Check plugin power
2024-02-28 02:29:16,138 [INFO] PluginManage:359 - Loaded plugin power (category:power,tabindex:4)
2024-02-28 02:29:16,138 [INFO] PluginManage:310 - Check plugin projectmanager
2024-02-28 02:29:16,158 [INFO] PluginManage:359 - Loaded plugin projectmanager (category:projectmanager,tabindex:3)
2024-02-28 02:29:16,158 [INFO] PluginManage:310 - Check plugin thirdparty
2024-02-28 02:29:16,507 [INFO] PluginManage:359 - Loaded plugin thirdparty (category:base,tabindex:-1)
2024-02-28 02:29:16,507 [INFO] PluginManage:310 - Check plugin tools
2024-02-28 02:29:16,510 [INFO] PluginManage:359 - Loaded plugin tools (category:base,tabindex:7)
2024-02-28 02:29:16,511 [INFO] PluginManage:310 - Check plugin tutovideos
2024-02-28 02:29:16,507 [WARN] IntegrityCheckThread:84 - waiting for thirdparty lock release [integrity check]
2024-02-28 02:29:16,511 [INFO] IntegrityCheckThread:86 - entering critical section [integrity check]
2024-02-28 02:29:16,512 [INFO] ThirdPartyUpdaterWithRetryManager:70 - Updater plugin not ready yet. [1/15]
2024-02-28 02:29:16,753 [INFO] PluginManage:359 - Loaded plugin tutovideos (category:base,tabindex:-1)
2024-02-28 02:29:16,754 [INFO] PluginManage:310 - Check plugin updater
2024-02-28 02:29:16,769 [INFO] PluginManage:359 - Loaded plugin updater (category:base,tabindex:12)
2024-02-28 02:29:16,769 [INFO] PluginManage:310 - Check plugin userauth
2024-02-28 02:29:16,773 [INFO] UserAuth:114 - Init User Auth plugin
2024-02-28 02:29:16,773 [INFO] PluginManage:359 - Loaded plugin userauth (category:base,tabindex:14)
2024-02-28 02:29:16,774 [INFO] PluginManage:283 - PluginManage : Loaded plugins [17]
2024-02-28 02:29:17,035 [INFO] PinOutPanel:1499 - setPackage(No Configuration,No Configuration)
2024-02-28 02:29:17,175 [INFO] CADModel:165 - CPN selected for project level
2024-02-28 02:29:17,175 [INFO] CADModel:114 - Register for checkConnection events
2024-02-28 02:29:17,202 [INFO] IPUIPlugin:80 - create IPUIPlugin
2024-02-28 02:29:17,202 [INFO] PluginManager:220 - loadIPPluginJar : add adc
2024-02-28 02:29:17,206 [INFO] IPUIPlugin:80 - create IPUIPlugin
2024-02-28 02:29:17,206 [INFO] PluginManager:220 - loadIPPluginJar : add aes
2024-02-28 02:29:17,210 [INFO] IPUIPlugin:80 - create IPUIPlugin
2024-02-28 02:29:17,211 [INFO] PluginManager:220 - loadIPPluginJar : add can
2024-02-28 02:29:17,214 [INFO] IPUIPlugin:80 - create IPUIPlugin
2024-02-28 02:29:17,214 [INFO] PluginManager:220 - loadIPPluginJar : add comp
2024-02-28 02:29:17,219 [INFO] IPUIPlugin:80 - create IPUIPlugin
2024-02-28 02:29:17,219 [INFO] PluginManager:220 - loadIPPluginJar : add cryp
2024-02-28 02:29:17,223 [INFO] IPUIPlugin:80 - create IPUIPlugin
2024-02-28 02:29:17,223 [INFO] PluginManager:220 - loadIPPluginJar : add dfsdm
2024-02-28 02:29:17,229 [INFO] IPUIPlugin:80 - create IPUIPlugin
2024-02-28 02:29:17,230 [INFO] PluginManager:220 - loadIPPluginJar : add dma
2024-02-28 02:29:17,235 [INFO] IPUIPlugin:80 - create IPUIPlugin
2024-02-28 02:29:17,235 [INFO] PluginManager:220 - loadIPPluginJar : add dma3
2024-02-28 02:29:17,237 [INFO] IPUIPlugin:80 - create IPUIPlugin
2024-02-28 02:29:17,238 [INFO] PluginManager:220 - loadIPPluginJar : add fatfs
2024-02-28 02:29:17,243 [INFO] IPUIPlugin:80 - create IPUIPlugin
2024-02-28 02:29:17,243 [INFO] PluginManager:220 - loadIPPluginJar : add fmc
2024-02-28 02:29:17,252 [INFO] IPUIPlugin:80 - create IPUIPlugin
2024-02-28 02:29:17,253 [INFO] PluginManager:220 - loadIPPluginJar : add freertos
2024-02-28 02:29:17,255 [INFO] IPUIPlugin:80 - create IPUIPlugin
2024-02-28 02:29:17,255 [INFO] PluginManager:220 - loadIPPluginJar : add genericplugin
2024-02-28 02:29:17,258 [INFO] IPUIPlugin:80 - create IPUIPlugin
2024-02-28 02:29:17,258 [INFO] PluginManager:220 - loadIPPluginJar : add gfxmmu
2024-02-28 02:29:17,265 [INFO] IPUIPlugin:80 - create IPUIPlugin
2024-02-28 02:29:17,265 [INFO] PluginManager:220 - loadIPPluginJar : add gic
2024-02-28 02:29:17,270 [INFO] IPUIPlugin:80 - create IPUIPlugin
2024-02-28 02:29:17,270 [INFO] PluginManager:220 - loadIPPluginJar : add gpio
2024-02-28 02:29:17,273 [INFO] IPUIPlugin:80 - create IPUIPlugin
2024-02-28 02:29:17,273 [INFO] PluginManager:220 - loadIPPluginJar : add gtzc
2024-02-28 02:29:17,276 [INFO] IPUIPlugin:80 - create IPUIPlugin
2024-02-28 02:29:17,276 [INFO] PluginManager:220 - loadIPPluginJar : add hash
2024-02-28 02:29:17,278 [INFO] IPUIPlugin:80 - create IPUIPlugin
2024-02-28 02:29:17,278 [INFO] PluginManager:220 - loadIPPluginJar : add i2c
2024-02-28 02:29:17,280 [INFO] IPUIPlugin:80 - create IPUIPlugin
2024-02-28 02:29:17,282 [INFO] PluginManager:220 - loadIPPluginJar : add i2s
2024-02-28 02:29:17,283 [INFO] IPUIPlugin:80 - create IPUIPlugin
2024-02-28 02:29:17,284 [INFO] PluginManager:220 - loadIPPluginJar : add i3c
2024-02-28 02:29:17,286 [INFO] IPUIPlugin:80 - create IPUIPlugin
2024-02-28 02:29:17,286 [INFO] PluginManager:220 - loadIPPluginJar : add ipddr
2024-02-28 02:29:17,292 [INFO] IPUIPlugin:80 - create IPUIPlugin
2024-02-28 02:29:17,293 [INFO] PluginManager:220 - loadIPPluginJar : add linkedlist
2024-02-28 02:29:17,295 [INFO] IPUIPlugin:80 - create IPUIPlugin
2024-02-28 02:29:17,295 [INFO] PluginManager:220 - loadIPPluginJar : add lorawan
2024-02-28 02:29:17,296 [INFO] IPUIPlugin:80 - create IPUIPlugin
2024-02-28 02:29:17,297 [INFO] PluginManager:220 - loadIPPluginJar : add ltdc
2024-02-28 02:29:17,303 [INFO] IPUIPlugin:80 - create IPUIPlugin
2024-02-28 02:29:17,303 [INFO] PluginManager:220 - loadIPPluginJar : add mdma
2024-02-28 02:29:17,306 [INFO] IPUIPlugin:80 - create IPUIPlugin
2024-02-28 02:29:17,306 [INFO] PluginManager:220 - loadIPPluginJar : add nvic
2024-02-28 02:29:17,308 [INFO] IPUIPlugin:80 - create IPUIPlugin
2024-02-28 02:29:17,308 [INFO] PluginManager:220 - loadIPPluginJar : add opamp
2024-02-28 02:29:17,312 [INFO] IPUIPlugin:80 - create IPUIPlugin
2024-02-28 02:29:17,312 [INFO] PluginManager:220 - loadIPPluginJar : add openamp
2024-02-28 02:29:17,315 [INFO] IPUIPlugin:80 - create IPUIPlugin
2024-02-28 02:29:17,315 [INFO] PluginManager:220 - loadIPPluginJar : add pdm2pcm
2024-02-28 02:29:17,322 [INFO] IPUIPlugin:80 - create IPUIPlugin
2024-02-28 02:29:17,324 [INFO] PluginManager:220 - loadIPPluginJar : add plateformsettings
2024-02-28 02:29:17,326 [INFO] IPUIPlugin:80 - create IPUIPlugin
2024-02-28 02:29:17,326 [INFO] PluginManager:220 - loadIPPluginJar : add quadspi
2024-02-28 02:29:17,330 [INFO] IPUIPlugin:80 - create IPUIPlugin
2024-02-28 02:29:17,330 [INFO] PluginManager:220 - loadIPPluginJar : add resmgrutility
2024-02-28 02:29:17,333 [INFO] IPUIPlugin:80 - create IPUIPlugin
2024-02-28 02:29:17,333 [INFO] PluginManager:220 - loadIPPluginJar : add sai
2024-02-28 02:29:17,336 [INFO] IPUIPlugin:80 - create IPUIPlugin
2024-02-28 02:29:17,336 [INFO] PluginManager:220 - loadIPPluginJar : add spi
2024-02-28 02:29:17,343 [INFO] IPUIPlugin:80 - create IPUIPlugin
2024-02-28 02:29:17,343 [INFO] PluginManager:220 - loadIPPluginJar : add stm32_wpan
2024-02-28 02:29:17,345 [INFO] IPUIPlugin:80 - create IPUIPlugin
2024-02-28 02:29:17,345 [INFO] PluginManager:220 - loadIPPluginJar : add tim
2024-02-28 02:29:17,351 [INFO] IPUIPlugin:80 - create IPUIPlugin
2024-02-28 02:29:17,351 [INFO] PluginManager:220 - loadIPPluginJar : add touchsensing
2024-02-28 02:29:17,354 [INFO] IPUIPlugin:80 - create IPUIPlugin
2024-02-28 02:29:17,354 [INFO] PluginManager:220 - loadIPPluginJar : add tracer_emb
2024-02-28 02:29:17,357 [INFO] IPUIPlugin:80 - create IPUIPlugin
2024-02-28 02:29:17,357 [INFO] PluginManager:220 - loadIPPluginJar : add ts
2024-02-28 02:29:17,360 [INFO] IPUIPlugin:80 - create IPUIPlugin
2024-02-28 02:29:17,360 [INFO] PluginManager:220 - loadIPPluginJar : add tsc
2024-02-28 02:29:17,361 [INFO] IPUIPlugin:80 - create IPUIPlugin
2024-02-28 02:29:17,362 [INFO] PluginManager:220 - loadIPPluginJar : add ucpd
2024-02-28 02:29:17,366 [INFO] IPUIPlugin:80 - create IPUIPlugin
2024-02-28 02:29:17,367 [INFO] PluginManager:220 - loadIPPluginJar : add usart
2024-02-28 02:29:17,371 [INFO] IPUIPlugin:80 - create IPUIPlugin
2024-02-28 02:29:17,371 [INFO] PluginManager:220 - loadIPPluginJar : add usbx
2024-02-28 02:29:17,530 [INFO] CADModel:165 - CPN selected for project level
2024-02-28 02:29:17,531 [INFO] CADModel:114 - Register for checkConnection events
2024-02-28 02:29:17,532 [FATAL] Updater:308 - Updater called before beeing initialized
2024-02-28 02:29:17,533 [ERROR] CADModel:125 - Updater not yet initialized, retry later 
2024-02-28 02:29:17,722 [INFO] CADModel:165 - CPN selected for project level
2024-02-28 02:29:17,722 [INFO] CADModel:114 - Register for checkConnection events
2024-02-28 02:29:17,722 [FATAL] Updater:308 - Updater called before beeing initialized
2024-02-28 02:29:17,722 [ERROR] CADModel:125 - Updater not yet initialized, retry later 
2024-02-28 02:29:17,725 [FATAL] Updater:308 - Updater called before beeing initialized
2024-02-28 02:29:17,863 [FATAL] Updater:308 - Updater called before beeing initialized
2024-02-28 02:29:17,870 [INFO] DbMcusAds:53 - JSON generation date=Thu Sep 30 12:25:09 IST 2021 (1632984909247)
2024-02-28 02:29:17,870 [FATAL] Updater:308 - Updater called before beeing initialized
2024-02-28 02:29:17,915 [WARN] DetailPanel:346 - Failed to get advertising image, set to default
2024-02-28 02:29:18,028 [FATAL] Updater:308 - Updater called before beeing initialized
2024-02-28 02:29:18,030 [FATAL] Updater:308 - Updater called before beeing initialized
2024-02-28 02:29:18,031 [FATAL] Updater:308 - Updater called before beeing initialized
2024-02-28 02:29:18,031 [WARN] DetailPanel:346 - Failed to get advertising image, set to default
2024-02-28 02:29:18,033 [FATAL] Updater:308 - Updater called before beeing initialized
2024-02-28 02:29:18,113 [ERROR] Updater:1120 - MainUpdater not yet initialized. External WinMGr cannot be set.
2024-02-28 02:29:18,114 [INFO] Updater:1056 - Updater Version found : 6.10.0
2024-02-28 02:29:18,132 [INFO] ApplicationProperties:184 - Using Application install path: C:\ST\STM32CubeIDE_1.14.1\STM32CubeIDE\plugins\com.st.stm32cube.common.mx_6.10.0.202311202037
2024-02-28 02:29:19,515 [INFO] ThirdPartyUpdaterWithRetryManager:70 - Updater plugin not ready yet. [2/15]
2024-02-28 02:29:19,726 [ERROR] LogOutputStream:75 - [STDERR_REDIRECT] Feb 28, 2024 2:29:19 AM java.util.prefs.WindowsPreferences <init>
2024-02-28 02:29:19,732 [ERROR] LogOutputStream:75 - [STDERR_REDIRECT] WARNING: Could not open/create prefs root node Software\JavaSoft\Prefs at root 0xffffffff80000002. Windows RegCreateKeyEx(...) returned error code 5.
2024-02-28 02:29:19,732 [ERROR] LogOutputStream:75 - [STDERR_REDIRECT] 
2024-02-28 02:29:20,161 [INFO] MainUpdater:2873 - connection check result : 10
2024-02-28 02:29:20,162 [INFO] MainUpdater:3567 - Updater definition file requires update
2024-02-28 02:29:20,163 [INFO] MainUpdater:290 - Updater Check For Update Now.
2024-02-28 02:29:20,163 [INFO] MicroXplorer:498 - Change Database Version : DB.6.0.100
2024-02-28 02:29:20,184 [INFO] McuFinderGlobals:63 - Set McuFinder mode to 2 (CubeIDE integrated)
2024-02-28 02:29:20,185 [INFO] UserAuth:180 - activating auth plugin
2024-02-28 02:29:20,188 [INFO] UserAuth:404 - Internet connection configuration mode: 1
2024-02-28 02:29:20,204 [INFO] ServerAccessManage:473 - Download File updaters.zip
2024-02-28 02:29:20,207 [INFO] JxBrowserEngine:152 - Initiate JxBrowser Engine with user profile folder
2024-02-28 02:29:20,337 [INFO] FileExtend:240 - Unzip File : updaters.zip
2024-02-28 02:29:20,337 [INFO] FileExtend:255 - Standard Zip Deflate
2024-02-28 02:29:20,768 [INFO] ServerAccessManage:473 - Download File PacksControlFlags.xml
2024-02-28 02:29:20,868 [INFO] ServerAccessManage:473 - Download File cubemx.pidx
2024-02-28 02:29:21,067 [INFO] LoadServerUpdatesThread:375 - End of LoadServerUpdate Thread
2024-02-28 02:29:21,230 [WARN] CheckServerUpdateThread:151 - Open CheckUpdateFile Fail
2024-02-28 02:29:21,384 [INFO] CheckServerUpdateThread:120 - End of CheckServer Thread
2024-02-28 02:29:22,869 [WARN] PackLoader:240 - Cannot read IP mode file for STMicroelectronics.FP-SNS-MOTENV1.4.3.2
2024-02-28 02:29:22,894 [WARN] PackLoader:240 - Cannot read IP mode file for STMicroelectronics.FP-SNS-FLIGHT1.5.0.2
2024-02-28 02:29:22,921 [WARN] PackLoader:240 - Cannot read IP mode file for STMicroelectronics.X-CUBE-BLE1.7.0.0
2024-02-28 02:29:22,937 [WARN] PackLoader:240 - Cannot read IP mode file for STMicroelectronics.FP-SNS-SMARTAG2.1.2.0
2024-02-28 02:29:22,954 [WARN] PackLoader:240 - Cannot read IP mode file for STMicroelectronics.FP-ATR-SIGFOX1.3.2.0
2024-02-28 02:29:22,963 [WARN] PackLoader:240 - Cannot read IP mode file for STMicroelectronics.X-CUBE-AI.8.1.0
2024-02-28 02:29:22,982 [WARN] PackLoader:240 - Cannot read IP mode file for STMicroelectronics.X-CUBE-ALS.1.0.1
2024-02-28 02:29:22,993 [WARN] PackLoader:240 - Cannot read IP mode file for STMicroelectronics.FP-ATR-ASTRA1.2.0.0
2024-02-28 02:29:22,994 [INFO] ThirdParty:978 - Integrity check success = true
2024-02-28 02:29:22,994 [INFO] IntegrityCheckThread:100 - exiting critical section [integrity check]
2024-02-28 02:29:22,995 [INFO] IntegrityCheckThread:103 - End integrity checks thread
2024-02-28 02:29:23,069 [INFO] WebApp:161 - Instantiating new browser for Auth
2024-02-28 02:29:24,136 [INFO] WebApp:780 - Register for checkConnection events
2024-02-28 02:29:24,136 [INFO] WebApp:414 - Apply proxy settings
2024-02-28 02:29:24,136 [INFO] WebApp:499 - Chromium requires no authentication
2024-02-28 02:29:24,148 [INFO] WebApp:442 - Direct internet connection detected
2024-02-28 02:29:24,441 [INFO] WebApp:192 - Starting web application
2024-02-28 02:29:24,441 [INFO] WebApp:544 - Web application path used C:\ST\STM32CubeIDE_1.14.1\STM32CubeIDE\plugins\com.st.stm32cube.common.mx_6.10.0.202311202037\db\plugins\mcufinder\reactClient1\index.html
2024-02-28 02:29:45,698 [ERROR] LogOutputStream:75 - [STDERR_REDIRECT] SLF4J: Failed to load class "org.slf4j.impl.StaticLoggerBinder".
2024-02-28 02:29:45,701 [ERROR] LogOutputStream:75 - [STDERR_REDIRECT] SLF4J: Defaulting to no-operation (NOP) logger implementation
2024-02-28 02:29:45,705 [ERROR] LogOutputStream:75 - [STDERR_REDIRECT] SLF4J: See http://www.slf4j.org/codes.html#StaticLoggerBinder for further details.
2024-02-28 02:54:16,683 [INFO] WebApp:354 - JxBrowser engine has been closed 
2024-02-28 11:53:57,193 [INFO] Activator:176 - 


2024-02-28 11:53:57,199 [INFO] Activator:177 - !SESSION log4j initialized
2024-02-28 11:54:12,965 [INFO] LogOutputStream:77 - [STDOUT_REDIRECT] 
2024-02-28 11:54:16,138 [INFO] ApplicationProperties:184 - Using Application install path: C:\ST\STM32CubeIDE_1.14.1\STM32CubeIDE\plugins\com.st.stm32cube.common.mx_6.10.0.202311202037
2024-02-28 11:54:16,161 [INFO] DbMcusXml:78 - Set database path to: C:\ST\STM32CubeIDE_1.14.1\STM32CubeIDE\plugins\com.st.stm32cube.common.mx_6.10.0.202311202037\\db\/mcu/
2024-02-28 11:54:16,161 [INFO] ApiDb:274 - Set plugin database path to: C:\ST\STM32CubeIDE_1.14.1\STM32CubeIDE\plugins\com.st.stm32cube.common.mx_6.10.0.202311202037\\db\/plugins/boardmanager/
2024-02-28 11:54:16,161 [WARN] ApiDb:259 - Overriding images path with different value:  => C:\ST\STM32CubeIDE_1.14.1\STM32CubeIDE\plugins\com.st.stm32cube.common.mx_6.10.0.202311202037\\db\/plugins/mcufinder/images/
2024-02-28 11:54:16,172 [INFO] ApiDb:250 - Set database path to: C:\Users\prajw\.stmcufinder\plugins\mcufinder//mcu/
2024-02-28 11:54:16,173 [INFO] DbMcusAds:125 - Set database path to: C:\Users\prajw\.stmcufinder\plugins\mcufinder//mcu/
2024-02-28 11:54:16,175 [INFO] CrossReferenceDbSqlite:203 - Set database path to: C:\Users\prajw\.stmcufinder\plugins\mcufinder//mcu/cs/
2024-02-28 11:54:16,420 [INFO] RulesReader:64 - Compatibility file has been processed (297 Rules)
2024-02-28 11:54:16,542 [INFO] DbMcusXml:78 - Set database path to: C:\ST\STM32CubeIDE_1.14.1\STM32CubeIDE\plugins\com.st.stm32cube.common.mx_6.10.0.202311202037\\db\/mcu/
2024-02-28 11:54:16,542 [INFO] ApiDb:274 - Set plugin database path to: C:\ST\STM32CubeIDE_1.14.1\STM32CubeIDE\plugins\com.st.stm32cube.common.mx_6.10.0.202311202037\\db\/plugins/boardmanager/
2024-02-28 11:54:16,542 [INFO] ApiDb:261 - Set plugin images path to: C:\ST\STM32CubeIDE_1.14.1\STM32CubeIDE\plugins\com.st.stm32cube.common.mx_6.10.0.202311202037\\db\/plugins/mcufinder/images/
2024-02-28 11:54:16,543 [WARN] DbFile:41 - Overriding database path with different value: C:\Users\prajw\.stmcufinder\plugins\mcufinder/ => C:\Users\prajw\.stmcufinder\plugins\mcufinder
2024-02-28 11:54:16,543 [INFO] ApiDb:250 - Set database path to: C:\Users\prajw\.stmcufinder\plugins\mcufinder//mcu/
2024-02-28 11:54:16,543 [WARN] DbFile:41 - Overriding database path with different value: C:\Users\prajw\.stmcufinder\plugins\mcufinder/ => C:\Users\prajw\.stmcufinder\plugins\mcufinder
2024-02-28 11:54:16,543 [INFO] DbMcusAds:125 - Set database path to: C:\Users\prajw\.stmcufinder\plugins\mcufinder//mcu/
2024-02-28 11:54:16,647 [WARN] DbFile:41 - Overriding database path with different value: C:\Users\prajw\.stmcufinder\plugins\mcufinder/ => C:\Users\prajw\.stmcufinder\plugins\mcufinder
2024-02-28 11:54:16,648 [WARN] DbFile:41 - Overriding database path with different value: C:\Users\prajw\.stmcufinder\plugins\mcufinder/ => C:\Users\prajw\.stmcufinder\plugins\mcufinder
2024-02-28 11:54:16,648 [INFO] CrossReferenceDbSqlite:203 - Set database path to: C:\Users\prajw\.stmcufinder\plugins\mcufinder//mcu/cs/
2024-02-28 11:54:16,788 [INFO] MainPanel:264 - HeapMemory: 268435456
2024-02-28 11:54:16,983 [INFO] DbMcusXml:78 - Set database path to: C:\ST\STM32CubeIDE_1.14.1\STM32CubeIDE\plugins\com.st.stm32cube.common.mx_6.10.0.202311202037\\db\/mcu/
2024-02-28 11:54:16,983 [INFO] ApiDb:274 - Set plugin database path to: C:\ST\STM32CubeIDE_1.14.1\STM32CubeIDE\plugins\com.st.stm32cube.common.mx_6.10.0.202311202037\\db\/plugins/boardmanager/
2024-02-28 11:54:16,983 [INFO] ApiDb:261 - Set plugin images path to: C:\ST\STM32CubeIDE_1.14.1\STM32CubeIDE\plugins\com.st.stm32cube.common.mx_6.10.0.202311202037\\db\/plugins/mcufinder/images/
2024-02-28 11:54:16,984 [WARN] DbFile:41 - Overriding database path with different value: C:\Users\prajw\.stmcufinder\plugins\mcufinder/ => C:\Users\prajw\.stmcufinder\plugins\mcufinder
2024-02-28 11:54:16,984 [INFO] ApiDb:250 - Set database path to: C:\Users\prajw\.stmcufinder\plugins\mcufinder//mcu/
2024-02-28 11:54:16,984 [WARN] DbFile:41 - Overriding database path with different value: C:\Users\prajw\.stmcufinder\plugins\mcufinder/ => C:\Users\prajw\.stmcufinder\plugins\mcufinder
2024-02-28 11:54:16,984 [INFO] DbMcusAds:125 - Set database path to: C:\Users\prajw\.stmcufinder\plugins\mcufinder//mcu/
2024-02-28 11:54:16,984 [WARN] DbFile:41 - Overriding database path with different value: C:\Users\prajw\.stmcufinder\plugins\mcufinder/ => C:\Users\prajw\.stmcufinder\plugins\mcufinder
2024-02-28 11:54:16,984 [WARN] DbFile:41 - Overriding database path with different value: C:\Users\prajw\.stmcufinder\plugins\mcufinder/ => C:\Users\prajw\.stmcufinder\plugins\mcufinder
2024-02-28 11:54:16,984 [INFO] CrossReferenceDbSqlite:203 - Set database path to: C:\Users\prajw\.stmcufinder\plugins\mcufinder//mcu/cs/
2024-02-28 11:54:17,022 [INFO] ApplicationProperties:184 - Using Application install path: C:\ST\STM32CubeIDE_1.14.1\STM32CubeIDE\plugins\com.st.stm32cube.common.mx_6.10.0.202311202037
2024-02-28 11:54:17,025 [INFO] PluginManage:196 - Search for loadable plugins [exclusion list=, ]
2024-02-28 11:54:17,027 [INFO] PluginManage:310 - Check plugin analytics
2024-02-28 11:54:17,342 [INFO] AnalyticsPlugin:253 - Accepted Software Licenses: 
2024-02-28 11:54:17,343 [INFO] AnalyticsPlugin:255 - Accepted CMSIS Pack Licenses: 
2024-02-28 11:54:17,343 [INFO] AnalyticsPlugin:257 - Accepted Firmware Licenses: 
2024-02-28 11:54:17,349 [INFO] PluginManage:359 - Loaded plugin analytics (category:tool,tabindex:-1)
2024-02-28 11:54:17,350 [INFO] PluginManage:310 - Check plugin cadmodel
2024-02-28 11:54:17,373 [INFO] CADModel:105 - Init CAD model plugin
2024-02-28 11:54:17,373 [INFO] PluginManage:359 - Loaded plugin cadmodel (category:power,tabindex:5)
2024-02-28 11:54:17,373 [INFO] PluginManage:310 - Check plugin clock
2024-02-28 11:54:17,409 [INFO] PluginManage:359 - Loaded plugin clock (category:base,tabindex:2)
2024-02-28 11:54:17,409 [INFO] PluginManage:310 - Check plugin ddr
2024-02-28 11:54:17,412 [INFO] PluginManage:359 - Loaded plugin ddr (category:tool,tabindex:6)
2024-02-28 11:54:17,413 [INFO] PluginManage:310 - Check plugin filemanager
2024-02-28 11:54:17,663 [INFO] PluginManage:359 - Loaded plugin filemanager (category:base,tabindex:10)
2024-02-28 11:54:17,663 [INFO] PluginManage:310 - Check plugin ipmanager
2024-02-28 11:54:17,674 [INFO] PluginManage:359 - Loaded plugin ipmanager (category:base,tabindex:5)
2024-02-28 11:54:17,674 [INFO] PluginManage:310 - Check plugin lpbam
2024-02-28 11:54:17,712 [INFO] PluginManage:359 - Loaded plugin lpbam (category:base,tabindex:0)
2024-02-28 11:54:17,712 [INFO] PluginManage:310 - Check plugin memorymap
2024-02-28 11:54:17,740 [INFO] PluginManage:359 - Loaded plugin memorymap (category:base,tabindex:4)
2024-02-28 11:54:17,741 [INFO] PluginManage:310 - Check plugin pinoutandconfiguration
2024-02-28 11:54:17,758 [INFO] PluginManage:359 - Loaded plugin pinoutandconfiguration (category:base,tabindex:1)
2024-02-28 11:54:17,758 [INFO] PluginManage:310 - Check plugin pinoutconfig
2024-02-28 11:54:17,906 [WARN] SupportedApi:132 - Cannot load RTOS API schema: s4s-elt-must-match.1: The content of 'definitions' must match (annotation?, (simpleType | complexType)?, (unique | key | keyref)*)). A problem was found starting at: attribute.
2024-02-28 11:54:18,120 [INFO] PluginManage:359 - Loaded plugin pinoutconfig (category:base,tabindex:0)
2024-02-28 11:54:18,121 [INFO] PluginManage:310 - Check plugin power
2024-02-28 11:54:18,154 [INFO] PluginManage:359 - Loaded plugin power (category:power,tabindex:4)
2024-02-28 11:54:18,155 [INFO] PluginManage:310 - Check plugin projectmanager
2024-02-28 11:54:18,180 [INFO] PluginManage:359 - Loaded plugin projectmanager (category:projectmanager,tabindex:3)
2024-02-28 11:54:18,180 [INFO] PluginManage:310 - Check plugin thirdparty
2024-02-28 11:54:18,549 [WARN] IntegrityCheckThread:84 - waiting for thirdparty lock release [integrity check]
2024-02-28 11:54:18,550 [INFO] IntegrityCheckThread:86 - entering critical section [integrity check]
2024-02-28 11:54:18,550 [INFO] PluginManage:359 - Loaded plugin thirdparty (category:base,tabindex:-1)
2024-02-28 11:54:18,550 [INFO] PluginManage:310 - Check plugin tools
2024-02-28 11:54:18,551 [INFO] ThirdPartyUpdaterWithRetryManager:70 - Updater plugin not ready yet. [1/15]
2024-02-28 11:54:18,640 [INFO] PluginManage:359 - Loaded plugin tools (category:base,tabindex:7)
2024-02-28 11:54:18,640 [INFO] PluginManage:310 - Check plugin tutovideos
2024-02-28 11:54:18,954 [INFO] PluginManage:359 - Loaded plugin tutovideos (category:base,tabindex:-1)
2024-02-28 11:54:18,954 [INFO] PluginManage:310 - Check plugin updater
2024-02-28 11:54:18,968 [INFO] PluginManage:359 - Loaded plugin updater (category:base,tabindex:12)
2024-02-28 11:54:18,968 [INFO] PluginManage:310 - Check plugin userauth
2024-02-28 11:54:18,975 [INFO] UserAuth:114 - Init User Auth plugin
2024-02-28 11:54:18,975 [INFO] PluginManage:359 - Loaded plugin userauth (category:base,tabindex:14)
2024-02-28 11:54:18,976 [INFO] PluginManage:283 - PluginManage : Loaded plugins [17]
2024-02-28 11:54:19,323 [INFO] PinOutPanel:1499 - setPackage(No Configuration,No Configuration)
2024-02-28 11:54:19,414 [INFO] CADModel:165 - CPN selected for project level
2024-02-28 11:54:19,414 [INFO] CADModel:114 - Register for checkConnection events
2024-02-28 11:54:19,447 [INFO] IPUIPlugin:80 - create IPUIPlugin
2024-02-28 11:54:19,447 [INFO] PluginManager:220 - loadIPPluginJar : add adc
2024-02-28 11:54:19,485 [INFO] IPUIPlugin:80 - create IPUIPlugin
2024-02-28 11:54:19,485 [INFO] PluginManager:220 - loadIPPluginJar : add aes
2024-02-28 11:54:19,532 [INFO] IPUIPlugin:80 - create IPUIPlugin
2024-02-28 11:54:19,532 [INFO] PluginManager:220 - loadIPPluginJar : add can
2024-02-28 11:54:19,555 [INFO] IPUIPlugin:80 - create IPUIPlugin
2024-02-28 11:54:19,555 [INFO] PluginManager:220 - loadIPPluginJar : add comp
2024-02-28 11:54:19,589 [INFO] IPUIPlugin:80 - create IPUIPlugin
2024-02-28 11:54:19,589 [INFO] PluginManager:220 - loadIPPluginJar : add cryp
2024-02-28 11:54:19,619 [INFO] IPUIPlugin:80 - create IPUIPlugin
2024-02-28 11:54:19,619 [INFO] PluginManager:220 - loadIPPluginJar : add dfsdm
2024-02-28 11:54:19,676 [INFO] IPUIPlugin:80 - create IPUIPlugin
2024-02-28 11:54:19,677 [INFO] PluginManager:220 - loadIPPluginJar : add dma
2024-02-28 11:54:19,727 [INFO] IPUIPlugin:80 - create IPUIPlugin
2024-02-28 11:54:19,727 [INFO] PluginManager:220 - loadIPPluginJar : add dma3
2024-02-28 11:54:19,748 [INFO] IPUIPlugin:80 - create IPUIPlugin
2024-02-28 11:54:19,748 [INFO] PluginManager:220 - loadIPPluginJar : add fatfs
2024-02-28 11:54:19,796 [INFO] IPUIPlugin:80 - create IPUIPlugin
2024-02-28 11:54:19,797 [INFO] PluginManager:220 - loadIPPluginJar : add fmc
2024-02-28 11:54:19,815 [INFO] IPUIPlugin:80 - create IPUIPlugin
2024-02-28 11:54:19,815 [INFO] PluginManager:220 - loadIPPluginJar : add freertos
2024-02-28 11:54:19,837 [INFO] IPUIPlugin:80 - create IPUIPlugin
2024-02-28 11:54:19,837 [INFO] PluginManager:220 - loadIPPluginJar : add genericplugin
2024-02-28 11:54:19,958 [INFO] IPUIPlugin:80 - create IPUIPlugin
2024-02-28 11:54:19,958 [INFO] PluginManager:220 - loadIPPluginJar : add gfxmmu
2024-02-28 11:54:20,093 [INFO] IPUIPlugin:80 - create IPUIPlugin
2024-02-28 11:54:20,094 [INFO] PluginManager:220 - loadIPPluginJar : add gic
2024-02-28 11:54:20,109 [INFO] IPUIPlugin:80 - create IPUIPlugin
2024-02-28 11:54:20,109 [INFO] PluginManager:220 - loadIPPluginJar : add gpio
2024-02-28 11:54:20,206 [INFO] IPUIPlugin:80 - create IPUIPlugin
2024-02-28 11:54:20,207 [INFO] PluginManager:220 - loadIPPluginJar : add gtzc
2024-02-28 11:54:20,240 [INFO] IPUIPlugin:80 - create IPUIPlugin
2024-02-28 11:54:20,240 [INFO] PluginManager:220 - loadIPPluginJar : add hash
2024-02-28 11:54:20,295 [INFO] IPUIPlugin:80 - create IPUIPlugin
2024-02-28 11:54:20,295 [INFO] PluginManager:220 - loadIPPluginJar : add i2c
2024-02-28 11:54:20,334 [INFO] IPUIPlugin:80 - create IPUIPlugin
2024-02-28 11:54:20,334 [INFO] PluginManager:220 - loadIPPluginJar : add i2s
2024-02-28 11:54:20,380 [INFO] IPUIPlugin:80 - create IPUIPlugin
2024-02-28 11:54:20,380 [INFO] PluginManager:220 - loadIPPluginJar : add i3c
2024-02-28 11:54:20,508 [INFO] IPUIPlugin:80 - create IPUIPlugin
2024-02-28 11:54:20,509 [INFO] PluginManager:220 - loadIPPluginJar : add ipddr
2024-02-28 11:54:20,614 [INFO] IPUIPlugin:80 - create IPUIPlugin
2024-02-28 11:54:20,614 [INFO] PluginManager:220 - loadIPPluginJar : add linkedlist
2024-02-28 11:54:20,649 [INFO] IPUIPlugin:80 - create IPUIPlugin
2024-02-28 11:54:20,650 [INFO] PluginManager:220 - loadIPPluginJar : add lorawan
2024-02-28 11:54:20,686 [INFO] IPUIPlugin:80 - create IPUIPlugin
2024-02-28 11:54:20,686 [INFO] PluginManager:220 - loadIPPluginJar : add ltdc
2024-02-28 11:54:20,702 [INFO] IPUIPlugin:80 - create IPUIPlugin
2024-02-28 11:54:20,702 [INFO] PluginManager:220 - loadIPPluginJar : add mdma
2024-02-28 11:54:20,716 [INFO] IPUIPlugin:80 - create IPUIPlugin
2024-02-28 11:54:20,716 [INFO] PluginManager:220 - loadIPPluginJar : add nvic
2024-02-28 11:54:20,751 [INFO] IPUIPlugin:80 - create IPUIPlugin
2024-02-28 11:54:20,752 [INFO] PluginManager:220 - loadIPPluginJar : add opamp
2024-02-28 11:54:20,812 [INFO] IPUIPlugin:80 - create IPUIPlugin
2024-02-28 11:54:20,812 [INFO] PluginManager:220 - loadIPPluginJar : add openamp
2024-02-28 11:54:20,855 [INFO] IPUIPlugin:80 - create IPUIPlugin
2024-02-28 11:54:20,855 [INFO] PluginManager:220 - loadIPPluginJar : add pdm2pcm
2024-02-28 11:54:20,870 [INFO] IPUIPlugin:80 - create IPUIPlugin
2024-02-28 11:54:20,873 [INFO] PluginManager:220 - loadIPPluginJar : add plateformsettings
2024-02-28 11:54:20,895 [INFO] IPUIPlugin:80 - create IPUIPlugin
2024-02-28 11:54:20,895 [INFO] PluginManager:220 - loadIPPluginJar : add quadspi
2024-02-28 11:54:20,908 [INFO] IPUIPlugin:80 - create IPUIPlugin
2024-02-28 11:54:20,908 [INFO] PluginManager:220 - loadIPPluginJar : add resmgrutility
2024-02-28 11:54:20,957 [INFO] IPUIPlugin:80 - create IPUIPlugin
2024-02-28 11:54:20,957 [INFO] PluginManager:220 - loadIPPluginJar : add sai
2024-02-28 11:54:20,994 [INFO] IPUIPlugin:80 - create IPUIPlugin
2024-02-28 11:54:20,994 [INFO] PluginManager:220 - loadIPPluginJar : add spi
2024-02-28 11:54:21,064 [INFO] IPUIPlugin:80 - create IPUIPlugin
2024-02-28 11:54:21,064 [INFO] PluginManager:220 - loadIPPluginJar : add stm32_wpan
2024-02-28 11:54:21,088 [INFO] IPUIPlugin:80 - create IPUIPlugin
2024-02-28 11:54:21,088 [INFO] PluginManager:220 - loadIPPluginJar : add tim
2024-02-28 11:54:21,145 [INFO] IPUIPlugin:80 - create IPUIPlugin
2024-02-28 11:54:21,247 [INFO] PluginManager:220 - loadIPPluginJar : add touchsensing
2024-02-28 11:54:21,291 [INFO] IPUIPlugin:80 - create IPUIPlugin
2024-02-28 11:54:21,292 [INFO] PluginManager:220 - loadIPPluginJar : add tracer_emb
2024-02-28 11:54:21,317 [INFO] IPUIPlugin:80 - create IPUIPlugin
2024-02-28 11:54:21,317 [INFO] PluginManager:220 - loadIPPluginJar : add ts
2024-02-28 11:54:21,341 [INFO] IPUIPlugin:80 - create IPUIPlugin
2024-02-28 11:54:21,341 [INFO] PluginManager:220 - loadIPPluginJar : add tsc
2024-02-28 11:54:21,363 [INFO] IPUIPlugin:80 - create IPUIPlugin
2024-02-28 11:54:21,363 [INFO] PluginManager:220 - loadIPPluginJar : add ucpd
2024-02-28 11:54:21,410 [INFO] IPUIPlugin:80 - create IPUIPlugin
2024-02-28 11:54:21,410 [INFO] PluginManager:220 - loadIPPluginJar : add usart
2024-02-28 11:54:21,455 [INFO] IPUIPlugin:80 - create IPUIPlugin
2024-02-28 11:54:21,455 [INFO] PluginManager:220 - loadIPPluginJar : add usbx
2024-02-28 11:54:21,552 [INFO] ThirdPartyUpdaterWithRetryManager:70 - Updater plugin not ready yet. [2/15]
2024-02-28 11:54:21,619 [INFO] CADModel:165 - CPN selected for project level
2024-02-28 11:54:21,620 [INFO] CADModel:114 - Register for checkConnection events
2024-02-28 11:54:21,620 [FATAL] Updater:308 - Updater called before beeing initialized
2024-02-28 11:54:21,620 [ERROR] CADModel:125 - Updater not yet initialized, retry later 
2024-02-28 11:54:21,807 [INFO] CADModel:165 - CPN selected for project level
2024-02-28 11:54:21,807 [INFO] CADModel:114 - Register for checkConnection events
2024-02-28 11:54:21,807 [FATAL] Updater:308 - Updater called before beeing initialized
2024-02-28 11:54:21,807 [ERROR] CADModel:125 - Updater not yet initialized, retry later 
2024-02-28 11:54:21,811 [FATAL] Updater:308 - Updater called before beeing initialized
2024-02-28 11:54:22,021 [FATAL] Updater:308 - Updater called before beeing initialized
2024-02-28 11:54:22,046 [INFO] DbMcusAds:53 - JSON generation date=Thu Sep 30 12:25:09 IST 2021 (1632984909247)
2024-02-28 11:54:22,046 [FATAL] Updater:308 - Updater called before beeing initialized
2024-02-28 11:54:22,238 [WARN] DetailPanel:346 - Failed to get advertising image, set to default
2024-02-28 11:54:22,467 [FATAL] Updater:308 - Updater called before beeing initialized
2024-02-28 11:54:22,470 [FATAL] Updater:308 - Updater called before beeing initialized
2024-02-28 11:54:22,470 [FATAL] Updater:308 - Updater called before beeing initialized
2024-02-28 11:54:22,470 [WARN] DetailPanel:346 - Failed to get advertising image, set to default
2024-02-28 11:54:22,472 [FATAL] Updater:308 - Updater called before beeing initialized
2024-02-28 11:54:22,812 [ERROR] Updater:1120 - MainUpdater not yet initialized. External WinMGr cannot be set.
2024-02-28 11:54:22,828 [INFO] Updater:1056 - Updater Version found : 6.10.0
2024-02-28 11:54:22,856 [INFO] ApplicationProperties:184 - Using Application install path: C:\ST\STM32CubeIDE_1.14.1\STM32CubeIDE\plugins\com.st.stm32cube.common.mx_6.10.0.202311202037
2024-02-28 11:54:24,442 [ERROR] LogOutputStream:75 - [STDERR_REDIRECT] Feb 28, 2024 11:54:24 AM java.util.prefs.WindowsPreferences <init>
2024-02-28 11:54:24,445 [ERROR] LogOutputStream:75 - [STDERR_REDIRECT] WARNING: Could not open/create prefs root node Software\JavaSoft\Prefs at root 0xffffffff80000002. Windows RegCreateKeyEx(...) returned error code 5.
2024-02-28 11:54:24,445 [ERROR] LogOutputStream:75 - [STDERR_REDIRECT] 
2024-02-28 11:54:24,552 [FATAL] Updater:308 - Updater called before beeing initialized
2024-02-28 11:54:24,552 [ERROR] IntegrityCheckThread:130 - Cannot retrieve database content from updater: error 21
2024-02-28 11:54:24,553 [INFO] ThirdParty:978 - Integrity check success = false
2024-02-28 11:54:24,553 [INFO] IntegrityCheckThread:100 - exiting critical section [integrity check]
2024-02-28 11:54:24,553 [INFO] IntegrityCheckThread:103 - End integrity checks thread
2024-02-28 11:54:24,875 [INFO] MainUpdater:2873 - connection check result : 10
2024-02-28 11:54:24,876 [INFO] MainUpdater:290 - Updater Check For Update Now.
2024-02-28 11:54:24,877 [INFO] MicroXplorer:498 - Change Database Version : DB.6.0.100
2024-02-28 11:54:24,900 [INFO] McuFinderGlobals:63 - Set McuFinder mode to 2 (CubeIDE integrated)
2024-02-28 11:54:24,900 [INFO] UserAuth:180 - activating auth plugin
2024-02-28 11:54:24,905 [INFO] UserAuth:404 - Internet connection configuration mode: 1
2024-02-28 11:54:24,950 [INFO] JxBrowserEngine:152 - Initiate JxBrowser Engine with user profile folder
2024-02-28 11:54:25,195 [INFO] CheckServerUpdateThread:120 - End of CheckServer Thread
2024-02-28 11:54:30,916 [INFO] WebApp:161 - Instantiating new browser for Auth
2024-02-28 11:54:32,032 [INFO] WebApp:780 - Register for checkConnection events
2024-02-28 11:54:32,032 [INFO] WebApp:414 - Apply proxy settings
2024-02-28 11:54:32,032 [INFO] WebApp:499 - Chromium requires no authentication
2024-02-28 11:54:32,043 [INFO] WebApp:442 - Direct internet connection detected
2024-02-28 11:54:32,334 [INFO] WebApp:192 - Starting web application
2024-02-28 11:54:32,334 [INFO] WebApp:544 - Web application path used C:\ST\STM32CubeIDE_1.14.1\STM32CubeIDE\plugins\com.st.stm32cube.common.mx_6.10.0.202311202037\db\plugins\mcufinder\reactClient1\index.html
2024-02-28 11:54:53,764 [ERROR] LogOutputStream:75 - [STDERR_REDIRECT] SLF4J: Failed to load class "org.slf4j.impl.StaticLoggerBinder".
2024-02-28 11:54:53,766 [ERROR] LogOutputStream:75 - [STDERR_REDIRECT] SLF4J: Defaulting to no-operation (NOP) logger implementation
2024-02-28 11:54:53,768 [ERROR] LogOutputStream:75 - [STDERR_REDIRECT] SLF4J: See http://www.slf4j.org/codes.html#StaticLoggerBinder for further details.
2024-02-28 12:25:13,891 [INFO] Activator:176 - 


2024-02-28 12:25:13,893 [INFO] Activator:177 - !SESSION log4j initialized
2024-02-28 12:25:22,824 [INFO] LogOutputStream:77 - [STDOUT_REDIRECT] 
2024-02-28 12:25:26,641 [INFO] ApplicationProperties:184 - Using Application install path: C:\ST\STM32CubeIDE_1.14.1\STM32CubeIDE\plugins\com.st.stm32cube.common.mx_6.10.0.202311202037
2024-02-28 12:25:26,695 [INFO] DbMcusXml:78 - Set database path to: C:\ST\STM32CubeIDE_1.14.1\STM32CubeIDE\plugins\com.st.stm32cube.common.mx_6.10.0.202311202037\\db\/mcu/
2024-02-28 12:25:26,695 [INFO] ApiDb:274 - Set plugin database path to: C:\ST\STM32CubeIDE_1.14.1\STM32CubeIDE\plugins\com.st.stm32cube.common.mx_6.10.0.202311202037\\db\/plugins/boardmanager/
2024-02-28 12:25:26,696 [WARN] ApiDb:259 - Overriding images path with different value:  => C:\ST\STM32CubeIDE_1.14.1\STM32CubeIDE\plugins\com.st.stm32cube.common.mx_6.10.0.202311202037\\db\/plugins/mcufinder/images/
2024-02-28 12:25:26,707 [INFO] ApiDb:250 - Set database path to: C:\Users\prajw\.stmcufinder\plugins\mcufinder//mcu/
2024-02-28 12:25:26,709 [INFO] DbMcusAds:125 - Set database path to: C:\Users\prajw\.stmcufinder\plugins\mcufinder//mcu/
2024-02-28 12:25:26,711 [INFO] CrossReferenceDbSqlite:203 - Set database path to: C:\Users\prajw\.stmcufinder\plugins\mcufinder//mcu/cs/
2024-02-28 12:25:26,876 [INFO] RulesReader:64 - Compatibility file has been processed (297 Rules)
2024-02-28 12:25:27,067 [INFO] DbMcusXml:78 - Set database path to: C:\ST\STM32CubeIDE_1.14.1\STM32CubeIDE\plugins\com.st.stm32cube.common.mx_6.10.0.202311202037\\db\/mcu/
2024-02-28 12:25:27,067 [INFO] ApiDb:274 - Set plugin database path to: C:\ST\STM32CubeIDE_1.14.1\STM32CubeIDE\plugins\com.st.stm32cube.common.mx_6.10.0.202311202037\\db\/plugins/boardmanager/
2024-02-28 12:25:27,067 [INFO] ApiDb:261 - Set plugin images path to: C:\ST\STM32CubeIDE_1.14.1\STM32CubeIDE\plugins\com.st.stm32cube.common.mx_6.10.0.202311202037\\db\/plugins/mcufinder/images/
2024-02-28 12:25:27,067 [WARN] DbFile:41 - Overriding database path with different value: C:\Users\prajw\.stmcufinder\plugins\mcufinder/ => C:\Users\prajw\.stmcufinder\plugins\mcufinder
2024-02-28 12:25:27,067 [INFO] ApiDb:250 - Set database path to: C:\Users\prajw\.stmcufinder\plugins\mcufinder//mcu/
2024-02-28 12:25:27,067 [WARN] DbFile:41 - Overriding database path with different value: C:\Users\prajw\.stmcufinder\plugins\mcufinder/ => C:\Users\prajw\.stmcufinder\plugins\mcufinder
2024-02-28 12:25:27,068 [INFO] DbMcusAds:125 - Set database path to: C:\Users\prajw\.stmcufinder\plugins\mcufinder//mcu/
2024-02-28 12:25:27,068 [WARN] DbFile:41 - Overriding database path with different value: C:\Users\prajw\.stmcufinder\plugins\mcufinder/ => C:\Users\prajw\.stmcufinder\plugins\mcufinder
2024-02-28 12:25:27,068 [WARN] DbFile:41 - Overriding database path with different value: C:\Users\prajw\.stmcufinder\plugins\mcufinder/ => C:\Users\prajw\.stmcufinder\plugins\mcufinder
2024-02-28 12:25:27,068 [INFO] CrossReferenceDbSqlite:203 - Set database path to: C:\Users\prajw\.stmcufinder\plugins\mcufinder//mcu/cs/
2024-02-28 12:25:27,174 [INFO] MainPanel:264 - HeapMemory: 268435456
2024-02-28 12:25:27,364 [INFO] DbMcusXml:78 - Set database path to: C:\ST\STM32CubeIDE_1.14.1\STM32CubeIDE\plugins\com.st.stm32cube.common.mx_6.10.0.202311202037\\db\/mcu/
2024-02-28 12:25:27,364 [INFO] ApiDb:274 - Set plugin database path to: C:\ST\STM32CubeIDE_1.14.1\STM32CubeIDE\plugins\com.st.stm32cube.common.mx_6.10.0.202311202037\\db\/plugins/boardmanager/
2024-02-28 12:25:27,365 [INFO] ApiDb:261 - Set plugin images path to: C:\ST\STM32CubeIDE_1.14.1\STM32CubeIDE\plugins\com.st.stm32cube.common.mx_6.10.0.202311202037\\db\/plugins/mcufinder/images/
2024-02-28 12:25:27,365 [WARN] DbFile:41 - Overriding database path with different value: C:\Users\prajw\.stmcufinder\plugins\mcufinder/ => C:\Users\prajw\.stmcufinder\plugins\mcufinder
2024-02-28 12:25:27,365 [INFO] ApiDb:250 - Set database path to: C:\Users\prajw\.stmcufinder\plugins\mcufinder//mcu/
2024-02-28 12:25:27,365 [WARN] DbFile:41 - Overriding database path with different value: C:\Users\prajw\.stmcufinder\plugins\mcufinder/ => C:\Users\prajw\.stmcufinder\plugins\mcufinder
2024-02-28 12:25:27,365 [INFO] DbMcusAds:125 - Set database path to: C:\Users\prajw\.stmcufinder\plugins\mcufinder//mcu/
2024-02-28 12:25:27,366 [WARN] DbFile:41 - Overriding database path with different value: C:\Users\prajw\.stmcufinder\plugins\mcufinder/ => C:\Users\prajw\.stmcufinder\plugins\mcufinder
2024-02-28 12:25:27,366 [WARN] DbFile:41 - Overriding database path with different value: C:\Users\prajw\.stmcufinder\plugins\mcufinder/ => C:\Users\prajw\.stmcufinder\plugins\mcufinder
2024-02-28 12:25:27,366 [INFO] CrossReferenceDbSqlite:203 - Set database path to: C:\Users\prajw\.stmcufinder\plugins\mcufinder//mcu/cs/
2024-02-28 12:25:27,392 [INFO] ApplicationProperties:184 - Using Application install path: C:\ST\STM32CubeIDE_1.14.1\STM32CubeIDE\plugins\com.st.stm32cube.common.mx_6.10.0.202311202037
2024-02-28 12:25:27,394 [INFO] PluginManage:196 - Search for loadable plugins [exclusion list=, ]
2024-02-28 12:25:27,397 [INFO] PluginManage:310 - Check plugin analytics
2024-02-28 12:25:27,647 [INFO] AnalyticsPlugin:253 - Accepted Software Licenses: 
2024-02-28 12:25:27,648 [INFO] AnalyticsPlugin:255 - Accepted CMSIS Pack Licenses: 
2024-02-28 12:25:27,648 [INFO] AnalyticsPlugin:257 - Accepted Firmware Licenses: 
2024-02-28 12:25:27,654 [INFO] PluginManage:359 - Loaded plugin analytics (category:tool,tabindex:-1)
2024-02-28 12:25:27,655 [INFO] PluginManage:310 - Check plugin cadmodel
2024-02-28 12:25:27,706 [INFO] CADModel:105 - Init CAD model plugin
2024-02-28 12:25:27,706 [INFO] PluginManage:359 - Loaded plugin cadmodel (category:power,tabindex:5)
2024-02-28 12:25:27,706 [INFO] PluginManage:310 - Check plugin clock
2024-02-28 12:25:27,742 [INFO] PluginManage:359 - Loaded plugin clock (category:base,tabindex:2)
2024-02-28 12:25:27,742 [INFO] PluginManage:310 - Check plugin ddr
2024-02-28 12:25:27,745 [INFO] PluginManage:359 - Loaded plugin ddr (category:tool,tabindex:6)
2024-02-28 12:25:27,745 [INFO] PluginManage:310 - Check plugin filemanager
2024-02-28 12:25:27,947 [INFO] PluginManage:359 - Loaded plugin filemanager (category:base,tabindex:10)
2024-02-28 12:25:27,947 [INFO] PluginManage:310 - Check plugin ipmanager
2024-02-28 12:25:27,989 [INFO] PluginManage:359 - Loaded plugin ipmanager (category:base,tabindex:5)
2024-02-28 12:25:27,990 [INFO] PluginManage:310 - Check plugin lpbam
2024-02-28 12:25:28,050 [INFO] PluginManage:359 - Loaded plugin lpbam (category:base,tabindex:0)
2024-02-28 12:25:28,050 [INFO] PluginManage:310 - Check plugin memorymap
2024-02-28 12:25:28,108 [INFO] PluginManage:359 - Loaded plugin memorymap (category:base,tabindex:4)
2024-02-28 12:25:28,108 [INFO] PluginManage:310 - Check plugin pinoutandconfiguration
2024-02-28 12:25:28,132 [INFO] PluginManage:359 - Loaded plugin pinoutandconfiguration (category:base,tabindex:1)
2024-02-28 12:25:28,132 [INFO] PluginManage:310 - Check plugin pinoutconfig
2024-02-28 12:25:28,261 [WARN] SupportedApi:132 - Cannot load RTOS API schema: s4s-elt-must-match.1: The content of 'definitions' must match (annotation?, (simpleType | complexType)?, (unique | key | keyref)*)). A problem was found starting at: attribute.
2024-02-28 12:25:28,490 [INFO] PluginManage:359 - Loaded plugin pinoutconfig (category:base,tabindex:0)
2024-02-28 12:25:28,490 [INFO] PluginManage:310 - Check plugin power
2024-02-28 12:25:28,517 [INFO] PluginManage:359 - Loaded plugin power (category:power,tabindex:4)
2024-02-28 12:25:28,517 [INFO] PluginManage:310 - Check plugin projectmanager
2024-02-28 12:25:28,541 [INFO] PluginManage:359 - Loaded plugin projectmanager (category:projectmanager,tabindex:3)
2024-02-28 12:25:28,541 [INFO] PluginManage:310 - Check plugin thirdparty
2024-02-28 12:25:28,840 [INFO] PluginManage:359 - Loaded plugin thirdparty (category:base,tabindex:-1)
2024-02-28 12:25:28,840 [INFO] PluginManage:310 - Check plugin tools
2024-02-28 12:25:28,840 [WARN] IntegrityCheckThread:84 - waiting for thirdparty lock release [integrity check]
2024-02-28 12:25:28,840 [INFO] IntegrityCheckThread:86 - entering critical section [integrity check]
2024-02-28 12:25:28,841 [INFO] ThirdPartyUpdaterWithRetryManager:70 - Updater plugin not ready yet. [1/15]
2024-02-28 12:25:28,877 [INFO] PluginManage:359 - Loaded plugin tools (category:base,tabindex:7)
2024-02-28 12:25:28,877 [INFO] PluginManage:310 - Check plugin tutovideos
2024-02-28 12:25:29,180 [INFO] PluginManage:359 - Loaded plugin tutovideos (category:base,tabindex:-1)
2024-02-28 12:25:29,180 [INFO] PluginManage:310 - Check plugin updater
2024-02-28 12:25:29,228 [INFO] PluginManage:359 - Loaded plugin updater (category:base,tabindex:12)
2024-02-28 12:25:29,229 [INFO] PluginManage:310 - Check plugin userauth
2024-02-28 12:25:29,244 [INFO] UserAuth:114 - Init User Auth plugin
2024-02-28 12:25:29,244 [INFO] PluginManage:359 - Loaded plugin userauth (category:base,tabindex:14)
2024-02-28 12:25:29,246 [INFO] PluginManage:283 - PluginManage : Loaded plugins [17]
2024-02-28 12:25:29,601 [INFO] PinOutPanel:1499 - setPackage(No Configuration,No Configuration)
2024-02-28 12:25:29,781 [INFO] CADModel:165 - CPN selected for project level
2024-02-28 12:25:29,781 [INFO] CADModel:114 - Register for checkConnection events
2024-02-28 12:25:29,825 [INFO] IPUIPlugin:80 - create IPUIPlugin
2024-02-28 12:25:29,825 [INFO] PluginManager:220 - loadIPPluginJar : add adc
2024-02-28 12:25:29,863 [INFO] IPUIPlugin:80 - create IPUIPlugin
2024-02-28 12:25:29,863 [INFO] PluginManager:220 - loadIPPluginJar : add aes
2024-02-28 12:25:29,911 [INFO] IPUIPlugin:80 - create IPUIPlugin
2024-02-28 12:25:29,911 [INFO] PluginManager:220 - loadIPPluginJar : add can
2024-02-28 12:25:29,935 [INFO] IPUIPlugin:80 - create IPUIPlugin
2024-02-28 12:25:29,936 [INFO] PluginManager:220 - loadIPPluginJar : add comp
2024-02-28 12:25:29,970 [INFO] IPUIPlugin:80 - create IPUIPlugin
2024-02-28 12:25:29,970 [INFO] PluginManager:220 - loadIPPluginJar : add cryp
2024-02-28 12:25:30,002 [INFO] IPUIPlugin:80 - create IPUIPlugin
2024-02-28 12:25:30,002 [INFO] PluginManager:220 - loadIPPluginJar : add dfsdm
2024-02-28 12:25:30,018 [INFO] IPUIPlugin:80 - create IPUIPlugin
2024-02-28 12:25:30,019 [INFO] PluginManager:220 - loadIPPluginJar : add dma
2024-02-28 12:25:30,063 [INFO] IPUIPlugin:80 - create IPUIPlugin
2024-02-28 12:25:30,064 [INFO] PluginManager:220 - loadIPPluginJar : add dma3
2024-02-28 12:25:30,093 [INFO] IPUIPlugin:80 - create IPUIPlugin
2024-02-28 12:25:30,093 [INFO] PluginManager:220 - loadIPPluginJar : add fatfs
2024-02-28 12:25:30,144 [INFO] IPUIPlugin:80 - create IPUIPlugin
2024-02-28 12:25:30,144 [INFO] PluginManager:220 - loadIPPluginJar : add fmc
2024-02-28 12:25:30,162 [INFO] IPUIPlugin:80 - create IPUIPlugin
2024-02-28 12:25:30,162 [INFO] PluginManager:220 - loadIPPluginJar : add freertos
2024-02-28 12:25:30,184 [INFO] IPUIPlugin:80 - create IPUIPlugin
2024-02-28 12:25:30,184 [INFO] PluginManager:220 - loadIPPluginJar : add genericplugin
2024-02-28 12:25:30,280 [INFO] IPUIPlugin:80 - create IPUIPlugin
2024-02-28 12:25:30,280 [INFO] PluginManager:220 - loadIPPluginJar : add gfxmmu
2024-02-28 12:25:30,415 [INFO] IPUIPlugin:80 - create IPUIPlugin
2024-02-28 12:25:30,415 [INFO] PluginManager:220 - loadIPPluginJar : add gic
2024-02-28 12:25:30,428 [INFO] IPUIPlugin:80 - create IPUIPlugin
2024-02-28 12:25:30,428 [INFO] PluginManager:220 - loadIPPluginJar : add gpio
2024-02-28 12:25:30,525 [INFO] IPUIPlugin:80 - create IPUIPlugin
2024-02-28 12:25:30,525 [INFO] PluginManager:220 - loadIPPluginJar : add gtzc
2024-02-28 12:25:30,559 [INFO] IPUIPlugin:80 - create IPUIPlugin
2024-02-28 12:25:30,559 [INFO] PluginManager:220 - loadIPPluginJar : add hash
2024-02-28 12:25:30,614 [INFO] IPUIPlugin:80 - create IPUIPlugin
2024-02-28 12:25:30,614 [INFO] PluginManager:220 - loadIPPluginJar : add i2c
2024-02-28 12:25:30,654 [INFO] IPUIPlugin:80 - create IPUIPlugin
2024-02-28 12:25:30,654 [INFO] PluginManager:220 - loadIPPluginJar : add i2s
2024-02-28 12:25:30,697 [INFO] IPUIPlugin:80 - create IPUIPlugin
2024-02-28 12:25:30,697 [INFO] PluginManager:220 - loadIPPluginJar : add i3c
2024-02-28 12:25:30,809 [INFO] IPUIPlugin:80 - create IPUIPlugin
2024-02-28 12:25:30,809 [INFO] PluginManager:220 - loadIPPluginJar : add ipddr
2024-02-28 12:25:30,907 [INFO] IPUIPlugin:80 - create IPUIPlugin
2024-02-28 12:25:30,907 [INFO] PluginManager:220 - loadIPPluginJar : add linkedlist
2024-02-28 12:25:30,946 [INFO] IPUIPlugin:80 - create IPUIPlugin
2024-02-28 12:25:30,946 [INFO] PluginManager:220 - loadIPPluginJar : add lorawan
2024-02-28 12:25:30,984 [INFO] IPUIPlugin:80 - create IPUIPlugin
2024-02-28 12:25:30,984 [INFO] PluginManager:220 - loadIPPluginJar : add ltdc
2024-02-28 12:25:30,999 [INFO] IPUIPlugin:80 - create IPUIPlugin
2024-02-28 12:25:30,999 [INFO] PluginManager:220 - loadIPPluginJar : add mdma
2024-02-28 12:25:31,057 [INFO] IPUIPlugin:80 - create IPUIPlugin
2024-02-28 12:25:31,057 [INFO] PluginManager:220 - loadIPPluginJar : add nvic
2024-02-28 12:25:31,098 [INFO] IPUIPlugin:80 - create IPUIPlugin
2024-02-28 12:25:31,098 [INFO] PluginManager:220 - loadIPPluginJar : add opamp
2024-02-28 12:25:31,162 [INFO] IPUIPlugin:80 - create IPUIPlugin
2024-02-28 12:25:31,162 [INFO] PluginManager:220 - loadIPPluginJar : add openamp
2024-02-28 12:25:31,207 [INFO] IPUIPlugin:80 - create IPUIPlugin
2024-02-28 12:25:31,207 [INFO] PluginManager:220 - loadIPPluginJar : add pdm2pcm
2024-02-28 12:25:31,224 [INFO] IPUIPlugin:80 - create IPUIPlugin
2024-02-28 12:25:31,227 [INFO] PluginManager:220 - loadIPPluginJar : add plateformsettings
2024-02-28 12:25:31,251 [INFO] IPUIPlugin:80 - create IPUIPlugin
2024-02-28 12:25:31,252 [INFO] PluginManager:220 - loadIPPluginJar : add quadspi
2024-02-28 12:25:31,267 [INFO] IPUIPlugin:80 - create IPUIPlugin
2024-02-28 12:25:31,267 [INFO] PluginManager:220 - loadIPPluginJar : add resmgrutility
2024-02-28 12:25:31,322 [INFO] IPUIPlugin:80 - create IPUIPlugin
2024-02-28 12:25:31,322 [INFO] PluginManager:220 - loadIPPluginJar : add sai
2024-02-28 12:25:31,362 [INFO] IPUIPlugin:80 - create IPUIPlugin
2024-02-28 12:25:31,362 [INFO] PluginManager:220 - loadIPPluginJar : add spi
2024-02-28 12:25:31,440 [INFO] IPUIPlugin:80 - create IPUIPlugin
2024-02-28 12:25:31,440 [INFO] PluginManager:220 - loadIPPluginJar : add stm32_wpan
2024-02-28 12:25:31,466 [INFO] IPUIPlugin:80 - create IPUIPlugin
2024-02-28 12:25:31,467 [INFO] PluginManager:220 - loadIPPluginJar : add tim
2024-02-28 12:25:31,529 [INFO] IPUIPlugin:80 - create IPUIPlugin
2024-02-28 12:25:31,529 [INFO] PluginManager:220 - loadIPPluginJar : add touchsensing
2024-02-28 12:25:31,554 [INFO] IPUIPlugin:80 - create IPUIPlugin
2024-02-28 12:25:31,554 [INFO] PluginManager:220 - loadIPPluginJar : add tracer_emb
2024-02-28 12:25:31,580 [INFO] IPUIPlugin:80 - create IPUIPlugin
2024-02-28 12:25:31,580 [INFO] PluginManager:220 - loadIPPluginJar : add ts
2024-02-28 12:25:31,604 [INFO] IPUIPlugin:80 - create IPUIPlugin
2024-02-28 12:25:31,604 [INFO] PluginManager:220 - loadIPPluginJar : add tsc
2024-02-28 12:25:31,629 [INFO] IPUIPlugin:80 - create IPUIPlugin
2024-02-28 12:25:31,629 [INFO] PluginManager:220 - loadIPPluginJar : add ucpd
2024-02-28 12:25:31,679 [INFO] IPUIPlugin:80 - create IPUIPlugin
2024-02-28 12:25:31,679 [INFO] PluginManager:220 - loadIPPluginJar : add usart
2024-02-28 12:25:31,724 [INFO] IPUIPlugin:80 - create IPUIPlugin
2024-02-28 12:25:31,724 [INFO] PluginManager:220 - loadIPPluginJar : add usbx
2024-02-28 12:25:31,841 [INFO] ThirdPartyUpdaterWithRetryManager:70 - Updater plugin not ready yet. [2/15]
2024-02-28 12:25:31,869 [INFO] CADModel:165 - CPN selected for project level
2024-02-28 12:25:31,869 [INFO] CADModel:114 - Register for checkConnection events
2024-02-28 12:25:31,870 [FATAL] Updater:308 - Updater called before beeing initialized
2024-02-28 12:25:31,871 [ERROR] CADModel:125 - Updater not yet initialized, retry later 
2024-02-28 12:25:32,077 [INFO] CADModel:165 - CPN selected for project level
2024-02-28 12:25:32,077 [INFO] CADModel:114 - Register for checkConnection events
2024-02-28 12:25:32,077 [FATAL] Updater:308 - Updater called before beeing initialized
2024-02-28 12:25:32,077 [ERROR] CADModel:125 - Updater not yet initialized, retry later 
2024-02-28 12:25:32,080 [FATAL] Updater:308 - Updater called before beeing initialized
2024-02-28 12:25:32,228 [FATAL] Updater:308 - Updater called before beeing initialized
2024-02-28 12:25:32,242 [INFO] DbMcusAds:53 - JSON generation date=Thu Sep 30 12:25:09 IST 2021 (1632984909247)
2024-02-28 12:25:32,242 [FATAL] Updater:308 - Updater called before beeing initialized
2024-02-28 12:25:32,414 [WARN] DetailPanel:346 - Failed to get advertising image, set to default
2024-02-28 12:25:32,529 [FATAL] Updater:308 - Updater called before beeing initialized
2024-02-28 12:25:32,533 [FATAL] Updater:308 - Updater called before beeing initialized
2024-02-28 12:25:32,533 [FATAL] Updater:308 - Updater called before beeing initialized
2024-02-28 12:25:32,533 [WARN] DetailPanel:346 - Failed to get advertising image, set to default
2024-02-28 12:25:32,534 [FATAL] Updater:308 - Updater called before beeing initialized
2024-02-28 12:25:32,607 [ERROR] Updater:1120 - MainUpdater not yet initialized. External WinMGr cannot be set.
2024-02-28 12:25:32,618 [INFO] Updater:1056 - Updater Version found : 6.10.0
2024-02-28 12:25:32,648 [INFO] ApplicationProperties:184 - Using Application install path: C:\ST\STM32CubeIDE_1.14.1\STM32CubeIDE\plugins\com.st.stm32cube.common.mx_6.10.0.202311202037
2024-02-28 12:25:34,235 [ERROR] LogOutputStream:75 - [STDERR_REDIRECT] Feb 28, 2024 12:25:34 PM java.util.prefs.WindowsPreferences <init>
2024-02-28 12:25:34,237 [ERROR] LogOutputStream:75 - [STDERR_REDIRECT] WARNING: Could not open/create prefs root node Software\JavaSoft\Prefs at root 0xffffffff80000002. Windows RegCreateKeyEx(...) returned error code 5.
2024-02-28 12:25:34,237 [ERROR] LogOutputStream:75 - [STDERR_REDIRECT] 
2024-02-28 12:25:34,659 [INFO] MainUpdater:2873 - connection check result : 10
2024-02-28 12:25:34,661 [INFO] MainUpdater:290 - Updater Check For Update Now.
2024-02-28 12:25:34,661 [INFO] MicroXplorer:498 - Change Database Version : DB.6.0.100
2024-02-28 12:25:34,684 [INFO] McuFinderGlobals:63 - Set McuFinder mode to 2 (CubeIDE integrated)
2024-02-28 12:25:34,684 [INFO] UserAuth:180 - activating auth plugin
2024-02-28 12:25:34,687 [INFO] UserAuth:404 - Internet connection configuration mode: 1
2024-02-28 12:25:34,734 [INFO] JxBrowserEngine:152 - Initiate JxBrowser Engine with user profile folder
2024-02-28 12:25:34,843 [WARN] MainUpdater:1194 - Updater busy. Cannot search thirdparties
2024-02-28 12:25:34,843 [INFO] ThirdPartyUpdaterWithRetryManager:96 - Updater plugin is busy. [1/15]
2024-02-28 12:25:34,933 [INFO] CheckServerUpdateThread:120 - End of CheckServer Thread
2024-02-28 12:25:38,351 [WARN] PackLoader:240 - Cannot read IP mode file for STMicroelectronics.FP-SNS-MOTENV1.4.3.2
2024-02-28 12:25:38,538 [WARN] PackLoader:240 - Cannot read IP mode file for STMicroelectronics.FP-SNS-FLIGHT1.5.0.2
2024-02-28 12:25:38,843 [WARN] PackLoader:240 - Cannot read IP mode file for STMicroelectronics.X-CUBE-BLE1.7.0.0
2024-02-28 12:25:38,874 [WARN] PackLoader:240 - Cannot read IP mode file for STMicroelectronics.FP-SNS-SMARTAG2.1.2.0
2024-02-28 12:25:38,897 [WARN] PackLoader:240 - Cannot read IP mode file for STMicroelectronics.FP-ATR-SIGFOX1.3.2.0
2024-02-28 12:25:38,923 [WARN] PackLoader:240 - Cannot read IP mode file for STMicroelectronics.X-CUBE-AI.8.1.0
2024-02-28 12:25:38,947 [WARN] PackLoader:240 - Cannot read IP mode file for STMicroelectronics.X-CUBE-ALS.1.0.1
2024-02-28 12:25:38,973 [WARN] PackLoader:240 - Cannot read IP mode file for STMicroelectronics.FP-ATR-ASTRA1.2.0.0
2024-02-28 12:25:38,975 [INFO] ThirdParty:978 - Integrity check success = true
2024-02-28 12:25:38,975 [INFO] IntegrityCheckThread:100 - exiting critical section [integrity check]
2024-02-28 12:25:38,975 [INFO] IntegrityCheckThread:103 - End integrity checks thread
2024-02-28 12:25:39,639 [INFO] WebApp:161 - Instantiating new browser for Auth
2024-02-28 12:25:40,542 [INFO] WebApp:780 - Register for checkConnection events
2024-02-28 12:25:40,542 [INFO] WebApp:414 - Apply proxy settings
2024-02-28 12:25:40,543 [INFO] WebApp:499 - Chromium requires no authentication
2024-02-28 12:25:40,557 [INFO] WebApp:442 - Direct internet connection detected
2024-02-28 12:25:40,842 [INFO] WebApp:192 - Starting web application
2024-02-28 12:25:40,842 [INFO] WebApp:544 - Web application path used C:\ST\STM32CubeIDE_1.14.1\STM32CubeIDE\plugins\com.st.stm32cube.common.mx_6.10.0.202311202037\db\plugins\mcufinder\reactClient1\index.html
2024-02-28 12:26:02,379 [ERROR] LogOutputStream:75 - [STDERR_REDIRECT] SLF4J: Failed to load class "org.slf4j.impl.StaticLoggerBinder".
2024-02-28 12:26:02,381 [ERROR] LogOutputStream:75 - [STDERR_REDIRECT] SLF4J: Defaulting to no-operation (NOP) logger implementation
2024-02-28 12:26:02,383 [ERROR] LogOutputStream:75 - [STDERR_REDIRECT] SLF4J: See http://www.slf4j.org/codes.html#StaticLoggerBinder for further details.
2024-02-28 16:14:18,768 [INFO] WebApp:354 - JxBrowser engine has been closed 
2024-02-28 17:38:45,002 [INFO] Activator:176 - 


2024-02-28 17:38:45,002 [INFO] Activator:177 - !SESSION log4j initialized
2024-02-28 17:38:53,999 [INFO] LogOutputStream:77 - [STDOUT_REDIRECT] 
2024-02-28 17:38:57,847 [INFO] ApplicationProperties:184 - Using Application install path: C:\ST\STM32CubeIDE_1.14.1\STM32CubeIDE\plugins\com.st.stm32cube.common.mx_6.10.0.202311202037
2024-02-28 17:38:57,876 [INFO] DbMcusXml:78 - Set database path to: C:\ST\STM32CubeIDE_1.14.1\STM32CubeIDE\plugins\com.st.stm32cube.common.mx_6.10.0.202311202037\\db\/mcu/
2024-02-28 17:38:57,877 [INFO] ApiDb:274 - Set plugin database path to: C:\ST\STM32CubeIDE_1.14.1\STM32CubeIDE\plugins\com.st.stm32cube.common.mx_6.10.0.202311202037\\db\/plugins/boardmanager/
2024-02-28 17:38:57,877 [WARN] ApiDb:259 - Overriding images path with different value:  => C:\ST\STM32CubeIDE_1.14.1\STM32CubeIDE\plugins\com.st.stm32cube.common.mx_6.10.0.202311202037\\db\/plugins/mcufinder/images/
2024-02-28 17:38:57,891 [INFO] ApiDb:250 - Set database path to: C:\Users\prajw\.stmcufinder\plugins\mcufinder//mcu/
2024-02-28 17:38:57,892 [INFO] DbMcusAds:125 - Set database path to: C:\Users\prajw\.stmcufinder\plugins\mcufinder//mcu/
2024-02-28 17:38:57,895 [INFO] CrossReferenceDbSqlite:203 - Set database path to: C:\Users\prajw\.stmcufinder\plugins\mcufinder//mcu/cs/
2024-02-28 17:38:58,077 [INFO] RulesReader:64 - Compatibility file has been processed (297 Rules)
2024-02-28 17:38:58,203 [INFO] DbMcusXml:78 - Set database path to: C:\ST\STM32CubeIDE_1.14.1\STM32CubeIDE\plugins\com.st.stm32cube.common.mx_6.10.0.202311202037\\db\/mcu/
2024-02-28 17:38:58,203 [INFO] ApiDb:274 - Set plugin database path to: C:\ST\STM32CubeIDE_1.14.1\STM32CubeIDE\plugins\com.st.stm32cube.common.mx_6.10.0.202311202037\\db\/plugins/boardmanager/
2024-02-28 17:38:58,203 [INFO] ApiDb:261 - Set plugin images path to: C:\ST\STM32CubeIDE_1.14.1\STM32CubeIDE\plugins\com.st.stm32cube.common.mx_6.10.0.202311202037\\db\/plugins/mcufinder/images/
2024-02-28 17:38:58,203 [WARN] DbFile:41 - Overriding database path with different value: C:\Users\prajw\.stmcufinder\plugins\mcufinder/ => C:\Users\prajw\.stmcufinder\plugins\mcufinder
2024-02-28 17:38:58,204 [INFO] ApiDb:250 - Set database path to: C:\Users\prajw\.stmcufinder\plugins\mcufinder//mcu/
2024-02-28 17:38:58,204 [WARN] DbFile:41 - Overriding database path with different value: C:\Users\prajw\.stmcufinder\plugins\mcufinder/ => C:\Users\prajw\.stmcufinder\plugins\mcufinder
2024-02-28 17:38:58,204 [INFO] DbMcusAds:125 - Set database path to: C:\Users\prajw\.stmcufinder\plugins\mcufinder//mcu/
2024-02-28 17:38:58,204 [WARN] DbFile:41 - Overriding database path with different value: C:\Users\prajw\.stmcufinder\plugins\mcufinder/ => C:\Users\prajw\.stmcufinder\plugins\mcufinder
2024-02-28 17:38:58,204 [WARN] DbFile:41 - Overriding database path with different value: C:\Users\prajw\.stmcufinder\plugins\mcufinder/ => C:\Users\prajw\.stmcufinder\plugins\mcufinder
2024-02-28 17:38:58,204 [INFO] CrossReferenceDbSqlite:203 - Set database path to: C:\Users\prajw\.stmcufinder\plugins\mcufinder//mcu/cs/
2024-02-28 17:38:58,365 [INFO] MainPanel:264 - HeapMemory: 268435456
2024-02-28 17:38:58,538 [INFO] DbMcusXml:78 - Set database path to: C:\ST\STM32CubeIDE_1.14.1\STM32CubeIDE\plugins\com.st.stm32cube.common.mx_6.10.0.202311202037\\db\/mcu/
2024-02-28 17:38:58,539 [INFO] ApiDb:274 - Set plugin database path to: C:\ST\STM32CubeIDE_1.14.1\STM32CubeIDE\plugins\com.st.stm32cube.common.mx_6.10.0.202311202037\\db\/plugins/boardmanager/
2024-02-28 17:38:58,539 [INFO] ApiDb:261 - Set plugin images path to: C:\ST\STM32CubeIDE_1.14.1\STM32CubeIDE\plugins\com.st.stm32cube.common.mx_6.10.0.202311202037\\db\/plugins/mcufinder/images/
2024-02-28 17:38:58,539 [WARN] DbFile:41 - Overriding database path with different value: C:\Users\prajw\.stmcufinder\plugins\mcufinder/ => C:\Users\prajw\.stmcufinder\plugins\mcufinder
2024-02-28 17:38:58,540 [INFO] ApiDb:250 - Set database path to: C:\Users\prajw\.stmcufinder\plugins\mcufinder//mcu/
2024-02-28 17:38:58,540 [WARN] DbFile:41 - Overriding database path with different value: C:\Users\prajw\.stmcufinder\plugins\mcufinder/ => C:\Users\prajw\.stmcufinder\plugins\mcufinder
2024-02-28 17:38:58,540 [INFO] DbMcusAds:125 - Set database path to: C:\Users\prajw\.stmcufinder\plugins\mcufinder//mcu/
2024-02-28 17:38:58,540 [WARN] DbFile:41 - Overriding database path with different value: C:\Users\prajw\.stmcufinder\plugins\mcufinder/ => C:\Users\prajw\.stmcufinder\plugins\mcufinder
2024-02-28 17:38:58,540 [WARN] DbFile:41 - Overriding database path with different value: C:\Users\prajw\.stmcufinder\plugins\mcufinder/ => C:\Users\prajw\.stmcufinder\plugins\mcufinder
2024-02-28 17:38:58,540 [INFO] CrossReferenceDbSqlite:203 - Set database path to: C:\Users\prajw\.stmcufinder\plugins\mcufinder//mcu/cs/
2024-02-28 17:38:58,569 [INFO] ApplicationProperties:184 - Using Application install path: C:\ST\STM32CubeIDE_1.14.1\STM32CubeIDE\plugins\com.st.stm32cube.common.mx_6.10.0.202311202037
2024-02-28 17:38:58,572 [INFO] PluginManage:196 - Search for loadable plugins [exclusion list=, ]
2024-02-28 17:38:58,574 [INFO] PluginManage:310 - Check plugin analytics
2024-02-28 17:38:58,808 [INFO] AnalyticsPlugin:253 - Accepted Software Licenses: 
2024-02-28 17:38:58,808 [INFO] AnalyticsPlugin:255 - Accepted CMSIS Pack Licenses: 
2024-02-28 17:38:58,809 [INFO] AnalyticsPlugin:257 - Accepted Firmware Licenses: 
2024-02-28 17:38:58,817 [INFO] PluginManage:359 - Loaded plugin analytics (category:tool,tabindex:-1)
2024-02-28 17:38:58,817 [INFO] PluginManage:310 - Check plugin cadmodel
2024-02-28 17:38:58,839 [INFO] CADModel:105 - Init CAD model plugin
2024-02-28 17:38:58,840 [INFO] PluginManage:359 - Loaded plugin cadmodel (category:power,tabindex:5)
2024-02-28 17:38:58,840 [INFO] PluginManage:310 - Check plugin clock
2024-02-28 17:38:58,863 [INFO] PluginManage:359 - Loaded plugin clock (category:base,tabindex:2)
2024-02-28 17:38:58,864 [INFO] PluginManage:310 - Check plugin ddr
2024-02-28 17:38:58,866 [INFO] PluginManage:359 - Loaded plugin ddr (category:tool,tabindex:6)
2024-02-28 17:38:58,866 [INFO] PluginManage:310 - Check plugin filemanager
2024-02-28 17:38:59,053 [INFO] PluginManage:359 - Loaded plugin filemanager (category:base,tabindex:10)
2024-02-28 17:38:59,054 [INFO] PluginManage:310 - Check plugin ipmanager
2024-02-28 17:38:59,061 [INFO] PluginManage:359 - Loaded plugin ipmanager (category:base,tabindex:5)
2024-02-28 17:38:59,062 [INFO] PluginManage:310 - Check plugin lpbam
2024-02-28 17:38:59,083 [INFO] PluginManage:359 - Loaded plugin lpbam (category:base,tabindex:0)
2024-02-28 17:38:59,084 [INFO] PluginManage:310 - Check plugin memorymap
2024-02-28 17:38:59,110 [INFO] PluginManage:359 - Loaded plugin memorymap (category:base,tabindex:4)
2024-02-28 17:38:59,110 [INFO] PluginManage:310 - Check plugin pinoutandconfiguration
2024-02-28 17:38:59,134 [INFO] PluginManage:359 - Loaded plugin pinoutandconfiguration (category:base,tabindex:1)
2024-02-28 17:38:59,134 [INFO] PluginManage:310 - Check plugin pinoutconfig
2024-02-28 17:38:59,262 [WARN] SupportedApi:132 - Cannot load RTOS API schema: s4s-elt-must-match.1: The content of 'definitions' must match (annotation?, (simpleType | complexType)?, (unique | key | keyref)*)). A problem was found starting at: attribute.
2024-02-28 17:38:59,432 [INFO] PluginManage:359 - Loaded plugin pinoutconfig (category:base,tabindex:0)
2024-02-28 17:38:59,432 [INFO] PluginManage:310 - Check plugin power
2024-02-28 17:38:59,464 [INFO] PluginManage:359 - Loaded plugin power (category:power,tabindex:4)
2024-02-28 17:38:59,465 [INFO] PluginManage:310 - Check plugin projectmanager
2024-02-28 17:38:59,489 [INFO] PluginManage:359 - Loaded plugin projectmanager (category:projectmanager,tabindex:3)
2024-02-28 17:38:59,489 [INFO] PluginManage:310 - Check plugin thirdparty
2024-02-28 17:38:59,842 [INFO] PluginManage:359 - Loaded plugin thirdparty (category:base,tabindex:-1)
2024-02-28 17:38:59,842 [INFO] PluginManage:310 - Check plugin tools
2024-02-28 17:38:59,842 [WARN] IntegrityCheckThread:84 - waiting for thirdparty lock release [integrity check]
2024-02-28 17:38:59,842 [INFO] IntegrityCheckThread:86 - entering critical section [integrity check]
2024-02-28 17:38:59,843 [INFO] ThirdPartyUpdaterWithRetryManager:70 - Updater plugin not ready yet. [1/15]
2024-02-28 17:38:59,879 [INFO] PluginManage:359 - Loaded plugin tools (category:base,tabindex:7)
2024-02-28 17:38:59,879 [INFO] PluginManage:310 - Check plugin tutovideos
2024-02-28 17:39:00,130 [INFO] PluginManage:359 - Loaded plugin tutovideos (category:base,tabindex:-1)
2024-02-28 17:39:00,130 [INFO] PluginManage:310 - Check plugin updater
2024-02-28 17:39:00,146 [INFO] PluginManage:359 - Loaded plugin updater (category:base,tabindex:12)
2024-02-28 17:39:00,146 [INFO] PluginManage:310 - Check plugin userauth
2024-02-28 17:39:00,153 [INFO] UserAuth:114 - Init User Auth plugin
2024-02-28 17:39:00,154 [INFO] PluginManage:359 - Loaded plugin userauth (category:base,tabindex:14)
2024-02-28 17:39:00,154 [INFO] PluginManage:283 - PluginManage : Loaded plugins [17]
2024-02-28 17:39:00,450 [INFO] PinOutPanel:1499 - setPackage(No Configuration,No Configuration)
2024-02-28 17:39:00,562 [INFO] CADModel:165 - CPN selected for project level
2024-02-28 17:39:00,562 [INFO] CADModel:114 - Register for checkConnection events
2024-02-28 17:39:00,597 [INFO] IPUIPlugin:80 - create IPUIPlugin
2024-02-28 17:39:00,597 [INFO] PluginManager:220 - loadIPPluginJar : add adc
2024-02-28 17:39:00,639 [INFO] IPUIPlugin:80 - create IPUIPlugin
2024-02-28 17:39:00,640 [INFO] PluginManager:220 - loadIPPluginJar : add aes
2024-02-28 17:39:00,693 [INFO] IPUIPlugin:80 - create IPUIPlugin
2024-02-28 17:39:00,694 [INFO] PluginManager:220 - loadIPPluginJar : add can
2024-02-28 17:39:00,718 [INFO] IPUIPlugin:80 - create IPUIPlugin
2024-02-28 17:39:00,719 [INFO] PluginManager:220 - loadIPPluginJar : add comp
2024-02-28 17:39:00,756 [INFO] IPUIPlugin:80 - create IPUIPlugin
2024-02-28 17:39:00,757 [INFO] PluginManager:220 - loadIPPluginJar : add cryp
2024-02-28 17:39:00,797 [INFO] IPUIPlugin:80 - create IPUIPlugin
2024-02-28 17:39:00,797 [INFO] PluginManager:220 - loadIPPluginJar : add dfsdm
2024-02-28 17:39:00,815 [INFO] IPUIPlugin:80 - create IPUIPlugin
2024-02-28 17:39:00,816 [INFO] PluginManager:220 - loadIPPluginJar : add dma
2024-02-28 17:39:00,869 [INFO] IPUIPlugin:80 - create IPUIPlugin
2024-02-28 17:39:00,869 [INFO] PluginManager:220 - loadIPPluginJar : add dma3
2024-02-28 17:39:00,896 [INFO] IPUIPlugin:80 - create IPUIPlugin
2024-02-28 17:39:00,896 [INFO] PluginManager:220 - loadIPPluginJar : add fatfs
2024-02-28 17:39:00,945 [INFO] IPUIPlugin:80 - create IPUIPlugin
2024-02-28 17:39:00,945 [INFO] PluginManager:220 - loadIPPluginJar : add fmc
2024-02-28 17:39:00,962 [INFO] IPUIPlugin:80 - create IPUIPlugin
2024-02-28 17:39:00,962 [INFO] PluginManager:220 - loadIPPluginJar : add freertos
2024-02-28 17:39:00,982 [INFO] IPUIPlugin:80 - create IPUIPlugin
2024-02-28 17:39:00,983 [INFO] PluginManager:220 - loadIPPluginJar : add genericplugin
2024-02-28 17:39:01,079 [INFO] IPUIPlugin:80 - create IPUIPlugin
2024-02-28 17:39:01,079 [INFO] PluginManager:220 - loadIPPluginJar : add gfxmmu
2024-02-28 17:39:01,216 [INFO] IPUIPlugin:80 - create IPUIPlugin
2024-02-28 17:39:01,217 [INFO] PluginManager:220 - loadIPPluginJar : add gic
2024-02-28 17:39:01,232 [INFO] IPUIPlugin:80 - create IPUIPlugin
2024-02-28 17:39:01,232 [INFO] PluginManager:220 - loadIPPluginJar : add gpio
2024-02-28 17:39:01,336 [INFO] IPUIPlugin:80 - create IPUIPlugin
2024-02-28 17:39:01,336 [INFO] PluginManager:220 - loadIPPluginJar : add gtzc
2024-02-28 17:39:01,371 [INFO] IPUIPlugin:80 - create IPUIPlugin
2024-02-28 17:39:01,371 [INFO] PluginManager:220 - loadIPPluginJar : add hash
2024-02-28 17:39:01,430 [INFO] IPUIPlugin:80 - create IPUIPlugin
2024-02-28 17:39:01,430 [INFO] PluginManager:220 - loadIPPluginJar : add i2c
2024-02-28 17:39:01,471 [INFO] IPUIPlugin:80 - create IPUIPlugin
2024-02-28 17:39:01,471 [INFO] PluginManager:220 - loadIPPluginJar : add i2s
2024-02-28 17:39:01,513 [INFO] IPUIPlugin:80 - create IPUIPlugin
2024-02-28 17:39:01,513 [INFO] PluginManager:220 - loadIPPluginJar : add i3c
2024-02-28 17:39:01,623 [INFO] IPUIPlugin:80 - create IPUIPlugin
2024-02-28 17:39:01,624 [INFO] PluginManager:220 - loadIPPluginJar : add ipddr
2024-02-28 17:39:01,720 [INFO] IPUIPlugin:80 - create IPUIPlugin
2024-02-28 17:39:01,720 [INFO] PluginManager:220 - loadIPPluginJar : add linkedlist
2024-02-28 17:39:01,758 [INFO] IPUIPlugin:80 - create IPUIPlugin
2024-02-28 17:39:01,758 [INFO] PluginManager:220 - loadIPPluginJar : add lorawan
2024-02-28 17:39:01,798 [INFO] IPUIPlugin:80 - create IPUIPlugin
2024-02-28 17:39:01,798 [INFO] PluginManager:220 - loadIPPluginJar : add ltdc
2024-02-28 17:39:01,814 [INFO] IPUIPlugin:80 - create IPUIPlugin
2024-02-28 17:39:01,815 [INFO] PluginManager:220 - loadIPPluginJar : add mdma
2024-02-28 17:39:01,829 [INFO] IPUIPlugin:80 - create IPUIPlugin
2024-02-28 17:39:01,830 [INFO] PluginManager:220 - loadIPPluginJar : add nvic
2024-02-28 17:39:01,867 [INFO] IPUIPlugin:80 - create IPUIPlugin
2024-02-28 17:39:01,867 [INFO] PluginManager:220 - loadIPPluginJar : add opamp
2024-02-28 17:39:01,927 [INFO] IPUIPlugin:80 - create IPUIPlugin
2024-02-28 17:39:01,927 [INFO] PluginManager:220 - loadIPPluginJar : add openamp
2024-02-28 17:39:01,973 [INFO] IPUIPlugin:80 - create IPUIPlugin
2024-02-28 17:39:01,973 [INFO] PluginManager:220 - loadIPPluginJar : add pdm2pcm
2024-02-28 17:39:01,989 [INFO] IPUIPlugin:80 - create IPUIPlugin
2024-02-28 17:39:01,991 [INFO] PluginManager:220 - loadIPPluginJar : add plateformsettings
2024-02-28 17:39:02,015 [INFO] IPUIPlugin:80 - create IPUIPlugin
2024-02-28 17:39:02,015 [INFO] PluginManager:220 - loadIPPluginJar : add quadspi
2024-02-28 17:39:02,029 [INFO] IPUIPlugin:80 - create IPUIPlugin
2024-02-28 17:39:02,029 [INFO] PluginManager:220 - loadIPPluginJar : add resmgrutility
2024-02-28 17:39:02,091 [INFO] IPUIPlugin:80 - create IPUIPlugin
2024-02-28 17:39:02,092 [INFO] PluginManager:220 - loadIPPluginJar : add sai
2024-02-28 17:39:02,133 [INFO] IPUIPlugin:80 - create IPUIPlugin
2024-02-28 17:39:02,134 [INFO] PluginManager:220 - loadIPPluginJar : add spi
2024-02-28 17:39:02,209 [INFO] IPUIPlugin:80 - create IPUIPlugin
2024-02-28 17:39:02,209 [INFO] PluginManager:220 - loadIPPluginJar : add stm32_wpan
2024-02-28 17:39:02,233 [INFO] IPUIPlugin:80 - create IPUIPlugin
2024-02-28 17:39:02,233 [INFO] PluginManager:220 - loadIPPluginJar : add tim
2024-02-28 17:39:02,292 [INFO] IPUIPlugin:80 - create IPUIPlugin
2024-02-28 17:39:02,292 [INFO] PluginManager:220 - loadIPPluginJar : add touchsensing
2024-02-28 17:39:02,317 [INFO] IPUIPlugin:80 - create IPUIPlugin
2024-02-28 17:39:02,317 [INFO] PluginManager:220 - loadIPPluginJar : add tracer_emb
2024-02-28 17:39:02,342 [INFO] IPUIPlugin:80 - create IPUIPlugin
2024-02-28 17:39:02,343 [INFO] PluginManager:220 - loadIPPluginJar : add ts
2024-02-28 17:39:02,371 [INFO] IPUIPlugin:80 - create IPUIPlugin
2024-02-28 17:39:02,371 [INFO] PluginManager:220 - loadIPPluginJar : add tsc
2024-02-28 17:39:02,396 [INFO] IPUIPlugin:80 - create IPUIPlugin
2024-02-28 17:39:02,396 [INFO] PluginManager:220 - loadIPPluginJar : add ucpd
2024-02-28 17:39:02,444 [INFO] IPUIPlugin:80 - create IPUIPlugin
2024-02-28 17:39:02,444 [INFO] PluginManager:220 - loadIPPluginJar : add usart
2024-02-28 17:39:02,491 [INFO] IPUIPlugin:80 - create IPUIPlugin
2024-02-28 17:39:02,491 [INFO] PluginManager:220 - loadIPPluginJar : add usbx
2024-02-28 17:39:02,639 [INFO] CADModel:165 - CPN selected for project level
2024-02-28 17:39:02,640 [INFO] CADModel:114 - Register for checkConnection events
2024-02-28 17:39:02,640 [FATAL] Updater:308 - Updater called before beeing initialized
2024-02-28 17:39:02,641 [ERROR] CADModel:125 - Updater not yet initialized, retry later 
2024-02-28 17:39:02,835 [INFO] CADModel:165 - CPN selected for project level
2024-02-28 17:39:02,835 [INFO] CADModel:114 - Register for checkConnection events
2024-02-28 17:39:02,835 [FATAL] Updater:308 - Updater called before beeing initialized
2024-02-28 17:39:02,835 [ERROR] CADModel:125 - Updater not yet initialized, retry later 
2024-02-28 17:39:02,838 [FATAL] Updater:308 - Updater called before beeing initialized
2024-02-28 17:39:02,845 [INFO] ThirdPartyUpdaterWithRetryManager:70 - Updater plugin not ready yet. [2/15]
2024-02-28 17:39:02,972 [FATAL] Updater:308 - Updater called before beeing initialized
2024-02-28 17:39:02,982 [INFO] DbMcusAds:53 - JSON generation date=Thu Sep 30 12:25:09 IST 2021 (1632984909247)
2024-02-28 17:39:02,982 [FATAL] Updater:308 - Updater called before beeing initialized
2024-02-28 17:39:03,064 [WARN] DetailPanel:346 - Failed to get advertising image, set to default
2024-02-28 17:39:03,200 [FATAL] Updater:308 - Updater called before beeing initialized
2024-02-28 17:39:03,203 [FATAL] Updater:308 - Updater called before beeing initialized
2024-02-28 17:39:03,203 [FATAL] Updater:308 - Updater called before beeing initialized
2024-02-28 17:39:03,203 [WARN] DetailPanel:346 - Failed to get advertising image, set to default
2024-02-28 17:39:03,204 [FATAL] Updater:308 - Updater called before beeing initialized
2024-02-28 17:39:03,284 [ERROR] Updater:1120 - MainUpdater not yet initialized. External WinMGr cannot be set.
2024-02-28 17:39:03,295 [INFO] Updater:1056 - Updater Version found : 6.10.0
2024-02-28 17:39:03,316 [INFO] ApplicationProperties:184 - Using Application install path: C:\ST\STM32CubeIDE_1.14.1\STM32CubeIDE\plugins\com.st.stm32cube.common.mx_6.10.0.202311202037
2024-02-28 17:39:04,902 [ERROR] LogOutputStream:75 - [STDERR_REDIRECT] Feb 28, 2024 5:39:04 PM java.util.prefs.WindowsPreferences <init>
2024-02-28 17:39:04,905 [ERROR] LogOutputStream:75 - [STDERR_REDIRECT] WARNING: Could not open/create prefs root node Software\JavaSoft\Prefs at root 0xffffffff80000002. Windows RegCreateKeyEx(...) returned error code 5.
2024-02-28 17:39:04,905 [ERROR] LogOutputStream:75 - [STDERR_REDIRECT] 
2024-02-28 17:39:05,305 [INFO] MainUpdater:2873 - connection check result : 10
2024-02-28 17:39:05,306 [INFO] MainUpdater:290 - Updater Check For Update Now.
2024-02-28 17:39:05,307 [INFO] MicroXplorer:498 - Change Database Version : DB.6.0.100
2024-02-28 17:39:05,328 [INFO] McuFinderGlobals:63 - Set McuFinder mode to 2 (CubeIDE integrated)
2024-02-28 17:39:05,328 [INFO] UserAuth:180 - activating auth plugin
2024-02-28 17:39:05,336 [INFO] UserAuth:404 - Internet connection configuration mode: 1
2024-02-28 17:39:05,393 [INFO] JxBrowserEngine:152 - Initiate JxBrowser Engine with user profile folder
2024-02-28 17:39:05,589 [INFO] CheckServerUpdateThread:120 - End of CheckServer Thread
2024-02-28 17:39:06,053 [WARN] PackLoader:240 - Cannot read IP mode file for STMicroelectronics.FP-SNS-MOTENV1.4.3.2
2024-02-28 17:39:06,089 [WARN] PackLoader:240 - Cannot read IP mode file for STMicroelectronics.FP-SNS-FLIGHT1.5.0.2
2024-02-28 17:39:06,125 [WARN] PackLoader:240 - Cannot read IP mode file for STMicroelectronics.X-CUBE-BLE1.7.0.0
2024-02-28 17:39:06,147 [WARN] PackLoader:240 - Cannot read IP mode file for STMicroelectronics.FP-SNS-SMARTAG2.1.2.0
2024-02-28 17:39:06,169 [WARN] PackLoader:240 - Cannot read IP mode file for STMicroelectronics.FP-ATR-SIGFOX1.3.2.0
2024-02-28 17:39:06,191 [WARN] PackLoader:240 - Cannot read IP mode file for STMicroelectronics.X-CUBE-AI.8.1.0
2024-02-28 17:39:06,219 [WARN] PackLoader:240 - Cannot read IP mode file for STMicroelectronics.X-CUBE-ALS.1.0.1
2024-02-28 17:39:06,238 [WARN] PackLoader:240 - Cannot read IP mode file for STMicroelectronics.FP-ATR-ASTRA1.2.0.0
2024-02-28 17:39:06,241 [INFO] ThirdParty:978 - Integrity check success = true
2024-02-28 17:39:06,241 [INFO] IntegrityCheckThread:100 - exiting critical section [integrity check]
2024-02-28 17:39:06,242 [INFO] IntegrityCheckThread:103 - End integrity checks thread
2024-02-28 17:39:11,675 [INFO] WebApp:161 - Instantiating new browser for Auth
2024-02-28 17:39:12,518 [INFO] WebApp:780 - Register for checkConnection events
2024-02-28 17:39:12,519 [INFO] WebApp:414 - Apply proxy settings
2024-02-28 17:39:12,519 [INFO] WebApp:499 - Chromium requires no authentication
2024-02-28 17:39:12,529 [INFO] WebApp:442 - Direct internet connection detected
2024-02-28 17:39:12,735 [INFO] WebApp:192 - Starting web application
2024-02-28 17:39:12,735 [INFO] WebApp:544 - Web application path used C:\ST\STM32CubeIDE_1.14.1\STM32CubeIDE\plugins\com.st.stm32cube.common.mx_6.10.0.202311202037\db\plugins\mcufinder\reactClient1\index.html
2024-02-28 17:39:33,931 [ERROR] LogOutputStream:75 - [STDERR_REDIRECT] SLF4J: Failed to load class "org.slf4j.impl.StaticLoggerBinder".
2024-02-28 17:39:33,932 [ERROR] LogOutputStream:75 - [STDERR_REDIRECT] SLF4J: Defaulting to no-operation (NOP) logger implementation
2024-02-28 17:39:33,933 [ERROR] LogOutputStream:75 - [STDERR_REDIRECT] SLF4J: See http://www.slf4j.org/codes.html#StaticLoggerBinder for further details.
